<?xml version="1.0" encoding="UTF-8"?>
<testsuites>
  <testsuite name="D:\DO_AN_TOT_NGHIEP\doan_calamity_manager\phpunit.xml" tests="134" assertions="296" errors="1" failures="14" skipped="2" time="10.973460">
    <testsuite name="Unit" tests="1" assertions="1" errors="0" failures="0" skipped="0" time="0.003166">
      <testsuite name="Tests\Unit\ExampleTest" file="D:\DO_AN_TOT_NGHIEP\doan_calamity_manager\tests\Unit\ExampleTest.php" tests="1" assertions="1" errors="0" failures="0" skipped="0" time="0.003166">
        <testcase name="test_that_true_is_true" file="D:\DO_AN_TOT_NGHIEP\doan_calamity_manager\tests\Unit\ExampleTest.php" line="12" class="Tests\Unit\ExampleTest" classname="Tests.Unit.ExampleTest" assertions="1" time="0.003166"/>
      </testsuite>
    </testsuite>
    <testsuite name="Feature" tests="133" assertions="295" errors="1" failures="14" skipped="2" time="10.970294">
      <testsuite name="Tests\Feature\AdministrativeManagementTest" file="D:\DO_AN_TOT_NGHIEP\doan_calamity_manager\tests\Feature\AdministrativeManagementTest.php" tests="18" assertions="42" errors="0" failures="0" skipped="0" time="1.026196">
        <testcase name="test_guest_can_view_school_list" file="D:\DO_AN_TOT_NGHIEP\doan_calamity_manager\tests\Feature\AdministrativeManagementTest.php" line="17" class="Tests\Feature\AdministrativeManagementTest" classname="Tests.Feature.AdministrativeManagementTest" assertions="1" time="0.301074"/>
        <testcase name="test_guest_can_view_medical_list" file="D:\DO_AN_TOT_NGHIEP\doan_calamity_manager\tests\Feature\AdministrativeManagementTest.php" line="23" class="Tests\Feature\AdministrativeManagementTest" classname="Tests.Feature.AdministrativeManagementTest" assertions="1" time="0.044566"/>
        <testcase name="test_guest_can_view_center_list" file="D:\DO_AN_TOT_NGHIEP\doan_calamity_manager\tests\Feature\AdministrativeManagementTest.php" line="29" class="Tests\Feature\AdministrativeManagementTest" classname="Tests.Feature.AdministrativeManagementTest" assertions="1" time="0.042287"/>
        <testcase name="test_authenticated_user_can_view_create_school_form" file="D:\DO_AN_TOT_NGHIEP\doan_calamity_manager\tests\Feature\AdministrativeManagementTest.php" line="35" class="Tests\Feature\AdministrativeManagementTest" classname="Tests.Feature.AdministrativeManagementTest" assertions="1" time="0.058258"/>
        <testcase name="test_authenticated_user_can_view_create_medical_form" file="D:\DO_AN_TOT_NGHIEP\doan_calamity_manager\tests\Feature\AdministrativeManagementTest.php" line="45" class="Tests\Feature\AdministrativeManagementTest" classname="Tests.Feature.AdministrativeManagementTest" assertions="1" time="0.038109"/>
        <testcase name="test_authenticated_user_can_view_create_center_form" file="D:\DO_AN_TOT_NGHIEP\doan_calamity_manager\tests\Feature\AdministrativeManagementTest.php" line="55" class="Tests\Feature\AdministrativeManagementTest" classname="Tests.Feature.AdministrativeManagementTest" assertions="1" time="0.050112"/>
        <testcase name="test_authenticated_user_can_create_new_school" file="D:\DO_AN_TOT_NGHIEP\doan_calamity_manager\tests\Feature\AdministrativeManagementTest.php" line="65" class="Tests\Feature\AdministrativeManagementTest" classname="Tests.Feature.AdministrativeManagementTest" assertions="3" time="0.060425"/>
        <testcase name="test_authenticated_user_can_create_new_medical" file="D:\DO_AN_TOT_NGHIEP\doan_calamity_manager\tests\Feature\AdministrativeManagementTest.php" line="100" class="Tests\Feature\AdministrativeManagementTest" classname="Tests.Feature.AdministrativeManagementTest" assertions="3" time="0.035696"/>
        <testcase name="test_authenticated_user_can_create_new_center" file="D:\DO_AN_TOT_NGHIEP\doan_calamity_manager\tests\Feature\AdministrativeManagementTest.php" line="135" class="Tests\Feature\AdministrativeManagementTest" classname="Tests.Feature.AdministrativeManagementTest" assertions="3" time="0.039288"/>
        <testcase name="test_cannot_create_administrative_with_duplicate_name" file="D:\DO_AN_TOT_NGHIEP\doan_calamity_manager\tests\Feature\AdministrativeManagementTest.php" line="170" class="Tests\Feature\AdministrativeManagementTest" classname="Tests.Feature.AdministrativeManagementTest" assertions="1" time="0.053761"/>
        <testcase name="test_authenticated_user_can_view_edit_school_form" file="D:\DO_AN_TOT_NGHIEP\doan_calamity_manager\tests\Feature\AdministrativeManagementTest.php" line="194" class="Tests\Feature\AdministrativeManagementTest" classname="Tests.Feature.AdministrativeManagementTest" assertions="1" time="0.051975"/>
        <testcase name="test_authenticated_user_can_update_school" file="D:\DO_AN_TOT_NGHIEP\doan_calamity_manager\tests\Feature\AdministrativeManagementTest.php" line="205" class="Tests\Feature\AdministrativeManagementTest" classname="Tests.Feature.AdministrativeManagementTest" assertions="9" time="0.041478"/>
        <testcase name="test_authenticated_user_can_delete_school" file="D:\DO_AN_TOT_NGHIEP\doan_calamity_manager\tests\Feature\AdministrativeManagementTest.php" line="239" class="Tests\Feature\AdministrativeManagementTest" classname="Tests.Feature.AdministrativeManagementTest" assertions="3" time="0.040362"/>
        <testcase name="test_authenticated_user_can_delete_multiple_schools" file="D:\DO_AN_TOT_NGHIEP\doan_calamity_manager\tests\Feature\AdministrativeManagementTest.php" line="252" class="Tests\Feature\AdministrativeManagementTest" classname="Tests.Feature.AdministrativeManagementTest" assertions="4" time="0.034821"/>
        <testcase name="test_school_list_can_be_searched" file="D:\DO_AN_TOT_NGHIEP\doan_calamity_manager\tests\Feature\AdministrativeManagementTest.php" line="270" class="Tests\Feature\AdministrativeManagementTest" classname="Tests.Feature.AdministrativeManagementTest" assertions="3" time="0.049881"/>
        <testcase name="test_guest_cannot_access_create_school_form" file="D:\DO_AN_TOT_NGHIEP\doan_calamity_manager\tests\Feature\AdministrativeManagementTest.php" line="281" class="Tests\Feature\AdministrativeManagementTest" classname="Tests.Feature.AdministrativeManagementTest" assertions="2" time="0.025124"/>
        <testcase name="test_guest_cannot_access_create_medical_form" file="D:\DO_AN_TOT_NGHIEP\doan_calamity_manager\tests\Feature\AdministrativeManagementTest.php" line="287" class="Tests\Feature\AdministrativeManagementTest" classname="Tests.Feature.AdministrativeManagementTest" assertions="2" time="0.025611"/>
        <testcase name="test_guest_cannot_access_create_center_form" file="D:\DO_AN_TOT_NGHIEP\doan_calamity_manager\tests\Feature\AdministrativeManagementTest.php" line="293" class="Tests\Feature\AdministrativeManagementTest" classname="Tests.Feature.AdministrativeManagementTest" assertions="2" time="0.033368"/>
      </testsuite>
      <testsuite name="Tests\Feature\AuthTest" file="D:\DO_AN_TOT_NGHIEP\doan_calamity_manager\tests\Feature\AuthTest.php" tests="7" assertions="18" errors="0" failures="0" skipped="0" time="0.441619">
        <testcase name="test_user_can_view_login_page" file="D:\DO_AN_TOT_NGHIEP\doan_calamity_manager\tests\Feature\AuthTest.php" line="13" class="Tests\Feature\AuthTest" classname="Tests.Feature.AuthTest" assertions="1" time="0.035556"/>
        <testcase name="test_user_can_login_with_valid_credentials" file="D:\DO_AN_TOT_NGHIEP\doan_calamity_manager\tests\Feature\AuthTest.php" line="19" class="Tests\Feature\AuthTest" classname="Tests.Feature.AuthTest" assertions="3" time="0.037257"/>
        <testcase name="test_user_cannot_login_with_invalid_credentials" file="D:\DO_AN_TOT_NGHIEP\doan_calamity_manager\tests\Feature\AuthTest.php" line="35" class="Tests\Feature\AuthTest" classname="Tests.Feature.AuthTest" assertions="3" time="0.233728"/>
        <testcase name="test_user_can_logout" file="D:\DO_AN_TOT_NGHIEP\doan_calamity_manager\tests\Feature\AuthTest.php" line="51" class="Tests\Feature\AuthTest" classname="Tests.Feature.AuthTest" assertions="3" time="0.027862"/>
        <testcase name="test_user_can_view_edit_profile_page" file="D:\DO_AN_TOT_NGHIEP\doan_calamity_manager\tests\Feature\AuthTest.php" line="62" class="Tests\Feature\AuthTest" classname="Tests.Feature.AuthTest" assertions="1" time="0.042710"/>
        <testcase name="test_user_can_update_profile" file="D:\DO_AN_TOT_NGHIEP\doan_calamity_manager\tests\Feature\AuthTest.php" line="72" class="Tests\Feature\AuthTest" classname="Tests.Feature.AuthTest" assertions="5" time="0.036222"/>
        <testcase name="test_user_cannot_update_profile_with_duplicate_username" file="D:\DO_AN_TOT_NGHIEP\doan_calamity_manager\tests\Feature\AuthTest.php" line="97" class="Tests\Feature\AuthTest" classname="Tests.Feature.AuthTest" assertions="2" time="0.028284"/>
      </testsuite>
      <testsuite name="Tests\Feature\Auth\AuthenticationTest" file="D:\DO_AN_TOT_NGHIEP\doan_calamity_manager\tests\Feature\Auth\AuthenticationTest.php" tests="4" assertions="8" errors="0" failures="0" skipped="0" time="0.309041">
        <testcase name="test_login_screen_can_be_rendered" file="D:\DO_AN_TOT_NGHIEP\doan_calamity_manager\tests\Feature\Auth\AuthenticationTest.php" line="13" class="Tests\Feature\Auth\AuthenticationTest" classname="Tests.Feature.Auth.AuthenticationTest" assertions="1" time="0.030586"/>
        <testcase name="test_users_can_authenticate_using_the_login_screen" file="D:\DO_AN_TOT_NGHIEP\doan_calamity_manager\tests\Feature\Auth\AuthenticationTest.php" line="20" class="Tests\Feature\Auth\AuthenticationTest" classname="Tests.Feature.Auth.AuthenticationTest" assertions="3" time="0.028381"/>
        <testcase name="test_users_can_not_authenticate_with_invalid_password" file="D:\DO_AN_TOT_NGHIEP\doan_calamity_manager\tests\Feature\Auth\AuthenticationTest.php" line="36" class="Tests\Feature\Auth\AuthenticationTest" classname="Tests.Feature.Auth.AuthenticationTest" assertions="1" time="0.220701"/>
        <testcase name="test_users_can_logout" file="D:\DO_AN_TOT_NGHIEP\doan_calamity_manager\tests\Feature\Auth\AuthenticationTest.php" line="51" class="Tests\Feature\Auth\AuthenticationTest" classname="Tests.Feature.Auth.AuthenticationTest" assertions="3" time="0.029373"/>
      </testsuite>
      <testsuite name="Tests\Feature\BasicTest" file="D:\DO_AN_TOT_NGHIEP\doan_calamity_manager\tests\Feature\BasicTest.php" tests="11" assertions="34" errors="0" failures="0" skipped="0" time="0.612582">
        <testcase name="test_homepage_works" file="D:\DO_AN_TOT_NGHIEP\doan_calamity_manager\tests\Feature\BasicTest.php" line="21" class="Tests\Feature\BasicTest" classname="Tests.Feature.BasicTest" assertions="1" time="0.066068"/>
        <testcase name="test_login_page_works" file="D:\DO_AN_TOT_NGHIEP\doan_calamity_manager\tests\Feature\BasicTest.php" line="27" class="Tests\Feature\BasicTest" classname="Tests.Feature.BasicTest" assertions="1" time="0.034398"/>
        <testcase name="test_user_can_login" file="D:\DO_AN_TOT_NGHIEP\doan_calamity_manager\tests\Feature\BasicTest.php" line="33" class="Tests\Feature\BasicTest" classname="Tests.Feature.BasicTest" assertions="3" time="0.032723"/>
        <testcase name="test_user_can_logout" file="D:\DO_AN_TOT_NGHIEP\doan_calamity_manager\tests\Feature\BasicTest.php" line="49" class="Tests\Feature\BasicTest" classname="Tests.Feature.BasicTest" assertions="4" time="0.028631"/>
        <testcase name="test_city_management_works" file="D:\DO_AN_TOT_NGHIEP\doan_calamity_manager\tests\Feature\BasicTest.php" line="65" class="Tests\Feature\BasicTest" classname="Tests.Feature.BasicTest" assertions="5" time="0.071964"/>
        <testcase name="test_user_management_works" file="D:\DO_AN_TOT_NGHIEP\doan_calamity_manager\tests\Feature\BasicTest.php" line="91" class="Tests\Feature\BasicTest" classname="Tests.Feature.BasicTest" assertions="5" time="0.059597"/>
        <testcase name="test_incident_report_works" file="D:\DO_AN_TOT_NGHIEP\doan_calamity_manager\tests\Feature\BasicTest.php" line="118" class="Tests\Feature\BasicTest" classname="Tests.Feature.BasicTest" assertions="2" time="0.057400"/>
        <testcase name="test_chat_functionality_works" file="D:\DO_AN_TOT_NGHIEP\doan_calamity_manager\tests\Feature\BasicTest.php" line="129" class="Tests\Feature\BasicTest" classname="Tests.Feature.BasicTest" assertions="1" time="0.035337"/>
        <testcase name="test_guest_can_subscribe_to_disaster_alerts" file="D:\DO_AN_TOT_NGHIEP\doan_calamity_manager\tests\Feature\BasicTest.php" line="135" class="Tests\Feature\BasicTest" classname="Tests.Feature.BasicTest" assertions="2" time="0.027252"/>
        <testcase name="test_basic_factories_work" file="D:\DO_AN_TOT_NGHIEP\doan_calamity_manager\tests\Feature\BasicTest.php" line="149" class="Tests\Feature\BasicTest" classname="Tests.Feature.BasicTest" assertions="2" time="0.024980"/>
        <testcase name="test_public_pages_are_accessible" file="D:\DO_AN_TOT_NGHIEP\doan_calamity_manager\tests\Feature\BasicTest.php" line="159" class="Tests\Feature\BasicTest" classname="Tests.Feature.BasicTest" assertions="8" time="0.174232"/>
      </testsuite>
      <testsuite name="Tests\Feature\CalamityManagementTest" file="D:\DO_AN_TOT_NGHIEP\doan_calamity_manager\tests\Feature\CalamityManagementTest.php" tests="17" assertions="23" errors="0" failures="9" skipped="0" time="4.968127">
        <testcase name="test_guest_can_view_flooding_calamity_list" file="D:\DO_AN_TOT_NGHIEP\doan_calamity_manager\tests\Feature\CalamityManagementTest.php" line="20" class="Tests\Feature\CalamityManagementTest" classname="Tests.Feature.CalamityManagementTest" assertions="1" time="0.706975">
          <failure type="PHPUnit\Framework\ExpectationFailedException">Tests\Feature\CalamityManagementTest::test_guest_can_view_flooding_calamity_list&#13;
Expected response status code [200] but received 500.
Failed asserting that 500 is identical to 200.&#13;
&#13;
The following exception occurred during the last request:

PDOException: SQLSTATE[HY000]: General error: 1 no such function: YEAR in D:\DO_AN_TOT_NGHIEP\doan_calamity_manager\vendor\laravel\framework\src\Illuminate\Database\Connection.php:404
Stack trace:
#0 D:\DO_AN_TOT_NGHIEP\doan_calamity_manager\vendor\laravel\framework\src\Illuminate\Database\Connection.php(404): PDO-&gt;prepare()
#1 D:\DO_AN_TOT_NGHIEP\doan_calamity_manager\vendor\laravel\framework\src\Illuminate\Database\Connection.php(809): Illuminate\Database\Connection-&gt;Illuminate\Database\{closure}()
#2 D:\DO_AN_TOT_NGHIEP\doan_calamity_manager\vendor\laravel\framework\src\Illuminate\Database\Connection.php(776): Illuminate\Database\Connection-&gt;runQueryCallback()
#3 D:\DO_AN_TOT_NGHIEP\doan_calamity_manager\vendor\laravel\framework\src\Illuminate\Database\Connection.php(395): Illuminate\Database\Connection-&gt;run()
#4 D:\DO_AN_TOT_NGHIEP\doan_calamity_manager\vendor\laravel\framework\src\Illuminate\Database\Query\Builder.php(3131): Illuminate\Database\Connection-&gt;select()
#5 D:\DO_AN_TOT_NGHIEP\doan_calamity_manager\vendor\laravel\framework\src\Illuminate\Database\Query\Builder.php(3389): Illuminate\Database\Query\Builder-&gt;runSelect()
#6 D:\DO_AN_TOT_NGHIEP\doan_calamity_manager\vendor\laravel\framework\src\Illuminate\Database\Query\Builder.php(3706): Illuminate\Database\Query\Builder-&gt;Illuminate\Database\Query\{closure}()
#7 D:\DO_AN_TOT_NGHIEP\doan_calamity_manager\vendor\laravel\framework\src\Illuminate\Database\Query\Builder.php(3385): Illuminate\Database\Query\Builder-&gt;onceWithColumns()
#8 D:\DO_AN_TOT_NGHIEP\doan_calamity_manager\vendor\laravel\framework\src\Illuminate\Database\Eloquent\Builder.php(1052): Illuminate\Database\Query\Builder-&gt;pluck()
#9 D:\DO_AN_TOT_NGHIEP\doan_calamity_manager\app\Http\Controllers\Calamities\FloodingCalamityController.php(82): Illuminate\Database\Eloquent\Builder-&gt;pluck()
#10 D:\DO_AN_TOT_NGHIEP\doan_calamity_manager\vendor\laravel\framework\src\Illuminate\Routing\Controller.php(54): App\Http\Controllers\Calamities\FloodingCalamityController-&gt;index()
#11 D:\DO_AN_TOT_NGHIEP\doan_calamity_manager\vendor\laravel\framework\src\Illuminate\Routing\ControllerDispatcher.php(43): Illuminate\Routing\Controller-&gt;callAction()
#12 D:\DO_AN_TOT_NGHIEP\doan_calamity_manager\vendor\laravel\framework\src\Illuminate\Routing\Route.php(265): Illuminate\Routing\ControllerDispatcher-&gt;dispatch()
#13 D:\DO_AN_TOT_NGHIEP\doan_calamity_manager\vendor\laravel\framework\src\Illuminate\Routing\Route.php(211): Illuminate\Routing\Route-&gt;runController()
#14 D:\DO_AN_TOT_NGHIEP\doan_calamity_manager\vendor\laravel\framework\src\Illuminate\Routing\Router.php(808): Illuminate\Routing\Route-&gt;run()
#15 D:\DO_AN_TOT_NGHIEP\doan_calamity_manager\vendor\laravel\framework\src\Illuminate\Pipeline\Pipeline.php(169): Illuminate\Routing\Router-&gt;Illuminate\Routing\{closure}()
#16 D:\DO_AN_TOT_NGHIEP\doan_calamity_manager\vendor\laravel\framework\src\Illuminate\Routing\Middleware\SubstituteBindings.php(50): Illuminate\Pipeline\Pipeline-&gt;Illuminate\Pipeline\{closure}()
#17 D:\DO_AN_TOT_NGHIEP\doan_calamity_manager\vendor\laravel\framework\src\Illuminate\Pipeline\Pipeline.php(208): Illuminate\Routing\Middleware\SubstituteBindings-&gt;handle()
#18 D:\DO_AN_TOT_NGHIEP\doan_calamity_manager\vendor\laravel\framework\src\Illuminate\Foundation\Http\Middleware\VerifyCsrfToken.php(87): Illuminate\Pipeline\Pipeline-&gt;Illuminate\Pipeline\{closure}()
#19 D:\DO_AN_TOT_NGHIEP\doan_calamity_manager\vendor\laravel\framework\src\Illuminate\Pipeline\Pipeline.php(208): Illuminate\Foundation\Http\Middleware\VerifyCsrfToken-&gt;handle()
#20 D:\DO_AN_TOT_NGHIEP\doan_calamity_manager\vendor\laravel\framework\src\Illuminate\View\Middleware\ShareErrorsFromSession.php(48): Illuminate\Pipeline\Pipeline-&gt;Illuminate\Pipeline\{closure}()
#21 D:\DO_AN_TOT_NGHIEP\doan_calamity_manager\vendor\laravel\framework\src\Illuminate\Pipeline\Pipeline.php(208): Illuminate\View\Middleware\ShareErrorsFromSession-&gt;handle()
#22 D:\DO_AN_TOT_NGHIEP\doan_calamity_manager\vendor\laravel\framework\src\Illuminate\Session\Middleware\StartSession.php(120): Illuminate\Pipeline\Pipeline-&gt;Illuminate\Pipeline\{closure}()
#23 D:\DO_AN_TOT_NGHIEP\doan_calamity_manager\vendor\laravel\framework\src\Illuminate\Session\Middleware\StartSession.php(63): Illuminate\Session\Middleware\StartSession-&gt;handleStatefulRequest()
#24 D:\DO_AN_TOT_NGHIEP\doan_calamity_manager\vendor\laravel\framework\src\Illuminate\Pipeline\Pipeline.php(208): Illuminate\Session\Middleware\StartSession-&gt;handle()
#25 D:\DO_AN_TOT_NGHIEP\doan_calamity_manager\vendor\laravel\framework\src\Illuminate\Cookie\Middleware\AddQueuedCookiesToResponse.php(36): Illuminate\Pipeline\Pipeline-&gt;Illuminate\Pipeline\{closure}()
#26 D:\DO_AN_TOT_NGHIEP\doan_calamity_manager\vendor\laravel\framework\src\Illuminate\Pipeline\Pipeline.php(208): Illuminate\Cookie\Middleware\AddQueuedCookiesToResponse-&gt;handle()
#27 D:\DO_AN_TOT_NGHIEP\doan_calamity_manager\vendor\laravel\framework\src\Illuminate\Cookie\Middleware\EncryptCookies.php(74): Illuminate\Pipeline\Pipeline-&gt;Illuminate\Pipeline\{closure}()
#28 D:\DO_AN_TOT_NGHIEP\doan_calamity_manager\vendor\laravel\framework\src\Illuminate\Pipeline\Pipeline.php(208): Illuminate\Cookie\Middleware\EncryptCookies-&gt;handle()
#29 D:\DO_AN_TOT_NGHIEP\doan_calamity_manager\vendor\laravel\framework\src\Illuminate\Pipeline\Pipeline.php(126): Illuminate\Pipeline\Pipeline-&gt;Illuminate\Pipeline\{closure}()
#30 D:\DO_AN_TOT_NGHIEP\doan_calamity_manager\vendor\laravel\framework\src\Illuminate\Routing\Router.php(807): Illuminate\Pipeline\Pipeline-&gt;then()
#31 D:\DO_AN_TOT_NGHIEP\doan_calamity_manager\vendor\laravel\framework\src\Illuminate\Routing\Router.php(786): Illuminate\Routing\Router-&gt;runRouteWithinStack()
#32 D:\DO_AN_TOT_NGHIEP\doan_calamity_manager\vendor\laravel\framework\src\Illuminate\Routing\Router.php(750): Illuminate\Routing\Router-&gt;runRoute()
#33 D:\DO_AN_TOT_NGHIEP\doan_calamity_manager\vendor\laravel\framework\src\Illuminate\Routing\Router.php(739): Illuminate\Routing\Router-&gt;dispatchToRoute()
#34 D:\DO_AN_TOT_NGHIEP\doan_calamity_manager\vendor\laravel\framework\src\Illuminate\Foundation\Http\Kernel.php(200): Illuminate\Routing\Router-&gt;dispatch()
#35 D:\DO_AN_TOT_NGHIEP\doan_calamity_manager\vendor\laravel\framework\src\Illuminate\Pipeline\Pipeline.php(169): Illuminate\Foundation\Http\Kernel-&gt;Illuminate\Foundation\Http\{closure}()
#36 D:\DO_AN_TOT_NGHIEP\doan_calamity_manager\vendor\laravel\framework\src\Illuminate\Foundation\Http\Middleware\TransformsRequest.php(21): Illuminate\Pipeline\Pipeline-&gt;Illuminate\Pipeline\{closure}()
#37 D:\DO_AN_TOT_NGHIEP\doan_calamity_manager\vendor\laravel\framework\src\Illuminate\Foundation\Http\Middleware\ConvertEmptyStringsToNull.php(31): Illuminate\Foundation\Http\Middleware\TransformsRequest-&gt;handle()
#38 D:\DO_AN_TOT_NGHIEP\doan_calamity_manager\vendor\laravel\framework\src\Illuminate\Pipeline\Pipeline.php(208): Illuminate\Foundation\Http\Middleware\ConvertEmptyStringsToNull-&gt;handle()
#39 D:\DO_AN_TOT_NGHIEP\doan_calamity_manager\vendor\laravel\framework\src\Illuminate\Foundation\Http\Middleware\TransformsRequest.php(21): Illuminate\Pipeline\Pipeline-&gt;Illuminate\Pipeline\{closure}()
#40 D:\DO_AN_TOT_NGHIEP\doan_calamity_manager\vendor\laravel\framework\src\Illuminate\Foundation\Http\Middleware\TrimStrings.php(51): Illuminate\Foundation\Http\Middleware\TransformsRequest-&gt;handle()
#41 D:\DO_AN_TOT_NGHIEP\doan_calamity_manager\vendor\laravel\framework\src\Illuminate\Pipeline\Pipeline.php(208): Illuminate\Foundation\Http\Middleware\TrimStrings-&gt;handle()
#42 D:\DO_AN_TOT_NGHIEP\doan_calamity_manager\vendor\laravel\framework\src\Illuminate\Http\Middleware\ValidatePostSize.php(27): Illuminate\Pipeline\Pipeline-&gt;Illuminate\Pipeline\{closure}()
#43 D:\DO_AN_TOT_NGHIEP\doan_calamity_manager\vendor\laravel\framework\src\Illuminate\Pipeline\Pipeline.php(208): Illuminate\Http\Middleware\ValidatePostSize-&gt;handle()
#44 D:\DO_AN_TOT_NGHIEP\doan_calamity_manager\vendor\laravel\framework\src\Illuminate\Foundation\Http\Middleware\PreventRequestsDuringMaintenance.php(109): Illuminate\Pipeline\Pipeline-&gt;Illuminate\Pipeline\{closure}()
#45 D:\DO_AN_TOT_NGHIEP\doan_calamity_manager\vendor\laravel\framework\src\Illuminate\Pipeline\Pipeline.php(208): Illuminate\Foundation\Http\Middleware\PreventRequestsDuringMaintenance-&gt;handle()
#46 D:\DO_AN_TOT_NGHIEP\doan_calamity_manager\vendor\laravel\framework\src\Illuminate\Http\Middleware\HandleCors.php(48): Illuminate\Pipeline\Pipeline-&gt;Illuminate\Pipeline\{closure}()
#47 D:\DO_AN_TOT_NGHIEP\doan_calamity_manager\vendor\laravel\framework\src\Illuminate\Pipeline\Pipeline.php(208): Illuminate\Http\Middleware\HandleCors-&gt;handle()
#48 D:\DO_AN_TOT_NGHIEP\doan_calamity_manager\vendor\laravel\framework\src\Illuminate\Http\Middleware\TrustProxies.php(58): Illuminate\Pipeline\Pipeline-&gt;Illuminate\Pipeline\{closure}()
#49 D:\DO_AN_TOT_NGHIEP\doan_calamity_manager\vendor\laravel\framework\src\Illuminate\Pipeline\Pipeline.php(208): Illuminate\Http\Middleware\TrustProxies-&gt;handle()
#50 D:\DO_AN_TOT_NGHIEP\doan_calamity_manager\vendor\laravel\framework\src\Illuminate\Foundation\Http\Middleware\InvokeDeferredCallbacks.php(22): Illuminate\Pipeline\Pipeline-&gt;Illuminate\Pipeline\{closure}()
#51 D:\DO_AN_TOT_NGHIEP\doan_calamity_manager\vendor\laravel\framework\src\Illuminate\Pipeline\Pipeline.php(208): Illuminate\Foundation\Http\Middleware\InvokeDeferredCallbacks-&gt;handle()
#52 D:\DO_AN_TOT_NGHIEP\doan_calamity_manager\vendor\laravel\framework\src\Illuminate\Http\Middleware\ValidatePathEncoding.php(26): Illuminate\Pipeline\Pipeline-&gt;Illuminate\Pipeline\{closure}()
#53 D:\DO_AN_TOT_NGHIEP\doan_calamity_manager\vendor\laravel\framework\src\Illuminate\Pipeline\Pipeline.php(208): Illuminate\Http\Middleware\ValidatePathEncoding-&gt;handle()
#54 D:\DO_AN_TOT_NGHIEP\doan_calamity_manager\vendor\laravel\framework\src\Illuminate\Pipeline\Pipeline.php(126): Illuminate\Pipeline\Pipeline-&gt;Illuminate\Pipeline\{closure}()
#55 D:\DO_AN_TOT_NGHIEP\doan_calamity_manager\vendor\laravel\framework\src\Illuminate\Foundation\Http\Kernel.php(175): Illuminate\Pipeline\Pipeline-&gt;then()
#56 D:\DO_AN_TOT_NGHIEP\doan_calamity_manager\vendor\laravel\framework\src\Illuminate\Foundation\Http\Kernel.php(144): Illuminate\Foundation\Http\Kernel-&gt;sendRequestThroughRouter()
#57 D:\DO_AN_TOT_NGHIEP\doan_calamity_manager\vendor\laravel\framework\src\Illuminate\Foundation\Testing\Concerns\MakesHttpRequests.php(607): Illuminate\Foundation\Http\Kernel-&gt;handle()
#58 D:\DO_AN_TOT_NGHIEP\doan_calamity_manager\vendor\laravel\framework\src\Illuminate\Foundation\Testing\Concerns\MakesHttpRequests.php(368): Illuminate\Foundation\Testing\TestCase-&gt;call()
#59 D:\DO_AN_TOT_NGHIEP\doan_calamity_manager\tests\Feature\CalamityManagementTest.php(22): Illuminate\Foundation\Testing\TestCase-&gt;get()
#60 D:\DO_AN_TOT_NGHIEP\doan_calamity_manager\vendor\phpunit\phpunit\src\Framework\TestCase.php(1656): Tests\Feature\CalamityManagementTest-&gt;test_guest_can_view_flooding_calamity_list()
#61 D:\DO_AN_TOT_NGHIEP\doan_calamity_manager\vendor\phpunit\phpunit\src\Framework\TestCase.php(514): PHPUnit\Framework\TestCase-&gt;runTest()
#62 D:\DO_AN_TOT_NGHIEP\doan_calamity_manager\vendor\phpunit\phpunit\src\Framework\TestRunner\TestRunner.php(87): PHPUnit\Framework\TestCase-&gt;runBare()
#63 D:\DO_AN_TOT_NGHIEP\doan_calamity_manager\vendor\phpunit\phpunit\src\Framework\TestCase.php(361): PHPUnit\Framework\TestRunner-&gt;run()
#64 D:\DO_AN_TOT_NGHIEP\doan_calamity_manager\vendor\phpunit\phpunit\src\Framework\TestSuite.php(369): PHPUnit\Framework\TestCase-&gt;run()
#65 D:\DO_AN_TOT_NGHIEP\doan_calamity_manager\vendor\phpunit\phpunit\src\Framework\TestSuite.php(369): PHPUnit\Framework\TestSuite-&gt;run()
#66 D:\DO_AN_TOT_NGHIEP\doan_calamity_manager\vendor\phpunit\phpunit\src\Framework\TestSuite.php(369): PHPUnit\Framework\TestSuite-&gt;run()
#67 D:\DO_AN_TOT_NGHIEP\doan_calamity_manager\vendor\phpunit\phpunit\src\TextUI\TestRunner.php(64): PHPUnit\Framework\TestSuite-&gt;run()
#68 D:\DO_AN_TOT_NGHIEP\doan_calamity_manager\vendor\phpunit\phpunit\src\TextUI\Application.php(210): PHPUnit\TextUI\TestRunner-&gt;run()
#69 D:\DO_AN_TOT_NGHIEP\doan_calamity_manager\vendor\phpunit\phpunit\phpunit(104): PHPUnit\TextUI\Application-&gt;run()
#70 {main}

Next Illuminate\Database\QueryException: SQLSTATE[HY000]: General error: 1 no such function: YEAR (Connection: sqlite, SQL: select distinct YEAR(time_start) as year from "calamities" where exists (select * from "risk_levels" where "calamities"."risk_level_id" = "risk_levels"."id" and exists (select * from "type_of_calamities" where "risk_levels"."type_of_calamity_id" = "type_of_calamities"."id" and "slug" = ngap-lut)) order by "year" desc) in D:\DO_AN_TOT_NGHIEP\doan_calamity_manager\vendor\laravel\framework\src\Illuminate\Database\Connection.php:822
Stack trace:
#0 D:\DO_AN_TOT_NGHIEP\doan_calamity_manager\vendor\laravel\framework\src\Illuminate\Database\Connection.php(776): Illuminate\Database\Connection-&gt;runQueryCallback()
#1 D:\DO_AN_TOT_NGHIEP\doan_calamity_manager\vendor\laravel\framework\src\Illuminate\Database\Connection.php(395): Illuminate\Database\Connection-&gt;run()
#2 D:\DO_AN_TOT_NGHIEP\doan_calamity_manager\vendor\laravel\framework\src\Illuminate\Database\Query\Builder.php(3131): Illuminate\Database\Connection-&gt;select()
#3 D:\DO_AN_TOT_NGHIEP\doan_calamity_manager\vendor\laravel\framework\src\Illuminate\Database\Query\Builder.php(3389): Illuminate\Database\Query\Builder-&gt;runSelect()
#4 D:\DO_AN_TOT_NGHIEP\doan_calamity_manager\vendor\laravel\framework\src\Illuminate\Database\Query\Builder.php(3706): Illuminate\Database\Query\Builder-&gt;Illuminate\Database\Query\{closure}()
#5 D:\DO_AN_TOT_NGHIEP\doan_calamity_manager\vendor\laravel\framework\src\Illuminate\Database\Query\Builder.php(3385): Illuminate\Database\Query\Builder-&gt;onceWithColumns()
#6 D:\DO_AN_TOT_NGHIEP\doan_calamity_manager\vendor\laravel\framework\src\Illuminate\Database\Eloquent\Builder.php(1052): Illuminate\Database\Query\Builder-&gt;pluck()
#7 D:\DO_AN_TOT_NGHIEP\doan_calamity_manager\app\Http\Controllers\Calamities\FloodingCalamityController.php(82): Illuminate\Database\Eloquent\Builder-&gt;pluck()
#8 D:\DO_AN_TOT_NGHIEP\doan_calamity_manager\vendor\laravel\framework\src\Illuminate\Routing\Controller.php(54): App\Http\Controllers\Calamities\FloodingCalamityController-&gt;index()
#9 D:\DO_AN_TOT_NGHIEP\doan_calamity_manager\vendor\laravel\framework\src\Illuminate\Routing\ControllerDispatcher.php(43): Illuminate\Routing\Controller-&gt;callAction()
#10 D:\DO_AN_TOT_NGHIEP\doan_calamity_manager\vendor\laravel\framework\src\Illuminate\Routing\Route.php(265): Illuminate\Routing\ControllerDispatcher-&gt;dispatch()
#11 D:\DO_AN_TOT_NGHIEP\doan_calamity_manager\vendor\laravel\framework\src\Illuminate\Routing\Route.php(211): Illuminate\Routing\Route-&gt;runController()
#12 D:\DO_AN_TOT_NGHIEP\doan_calamity_manager\vendor\laravel\framework\src\Illuminate\Routing\Router.php(808): Illuminate\Routing\Route-&gt;run()
#13 D:\DO_AN_TOT_NGHIEP\doan_calamity_manager\vendor\laravel\framework\src\Illuminate\Pipeline\Pipeline.php(169): Illuminate\Routing\Router-&gt;Illuminate\Routing\{closure}()
#14 D:\DO_AN_TOT_NGHIEP\doan_calamity_manager\vendor\laravel\framework\src\Illuminate\Routing\Middleware\SubstituteBindings.php(50): Illuminate\Pipeline\Pipeline-&gt;Illuminate\Pipeline\{closure}()
#15 D:\DO_AN_TOT_NGHIEP\doan_calamity_manager\vendor\laravel\framework\src\Illuminate\Pipeline\Pipeline.php(208): Illuminate\Routing\Middleware\SubstituteBindings-&gt;handle()
#16 D:\DO_AN_TOT_NGHIEP\doan_calamity_manager\vendor\laravel\framework\src\Illuminate\Foundation\Http\Middleware\VerifyCsrfToken.php(87): Illuminate\Pipeline\Pipeline-&gt;Illuminate\Pipeline\{closure}()
#17 D:\DO_AN_TOT_NGHIEP\doan_calamity_manager\vendor\laravel\framework\src\Illuminate\Pipeline\Pipeline.php(208): Illuminate\Foundation\Http\Middleware\VerifyCsrfToken-&gt;handle()
#18 D:\DO_AN_TOT_NGHIEP\doan_calamity_manager\vendor\laravel\framework\src\Illuminate\View\Middleware\ShareErrorsFromSession.php(48): Illuminate\Pipeline\Pipeline-&gt;Illuminate\Pipeline\{closure}()
#19 D:\DO_AN_TOT_NGHIEP\doan_calamity_manager\vendor\laravel\framework\src\Illuminate\Pipeline\Pipeline.php(208): Illuminate\View\Middleware\ShareErrorsFromSession-&gt;handle()
#20 D:\DO_AN_TOT_NGHIEP\doan_calamity_manager\vendor\laravel\framework\src\Illuminate\Session\Middleware\StartSession.php(120): Illuminate\Pipeline\Pipeline-&gt;Illuminate\Pipeline\{closure}()
#21 D:\DO_AN_TOT_NGHIEP\doan_calamity_manager\vendor\laravel\framework\src\Illuminate\Session\Middleware\StartSession.php(63): Illuminate\Session\Middleware\StartSession-&gt;handleStatefulRequest()
#22 D:\DO_AN_TOT_NGHIEP\doan_calamity_manager\vendor\laravel\framework\src\Illuminate\Pipeline\Pipeline.php(208): Illuminate\Session\Middleware\StartSession-&gt;handle()
#23 D:\DO_AN_TOT_NGHIEP\doan_calamity_manager\vendor\laravel\framework\src\Illuminate\Cookie\Middleware\AddQueuedCookiesToResponse.php(36): Illuminate\Pipeline\Pipeline-&gt;Illuminate\Pipeline\{closure}()
#24 D:\DO_AN_TOT_NGHIEP\doan_calamity_manager\vendor\laravel\framework\src\Illuminate\Pipeline\Pipeline.php(208): Illuminate\Cookie\Middleware\AddQueuedCookiesToResponse-&gt;handle()
#25 D:\DO_AN_TOT_NGHIEP\doan_calamity_manager\vendor\laravel\framework\src\Illuminate\Cookie\Middleware\EncryptCookies.php(74): Illuminate\Pipeline\Pipeline-&gt;Illuminate\Pipeline\{closure}()
#26 D:\DO_AN_TOT_NGHIEP\doan_calamity_manager\vendor\laravel\framework\src\Illuminate\Pipeline\Pipeline.php(208): Illuminate\Cookie\Middleware\EncryptCookies-&gt;handle()
#27 D:\DO_AN_TOT_NGHIEP\doan_calamity_manager\vendor\laravel\framework\src\Illuminate\Pipeline\Pipeline.php(126): Illuminate\Pipeline\Pipeline-&gt;Illuminate\Pipeline\{closure}()
#28 D:\DO_AN_TOT_NGHIEP\doan_calamity_manager\vendor\laravel\framework\src\Illuminate\Routing\Router.php(807): Illuminate\Pipeline\Pipeline-&gt;then()
#29 D:\DO_AN_TOT_NGHIEP\doan_calamity_manager\vendor\laravel\framework\src\Illuminate\Routing\Router.php(786): Illuminate\Routing\Router-&gt;runRouteWithinStack()
#30 D:\DO_AN_TOT_NGHIEP\doan_calamity_manager\vendor\laravel\framework\src\Illuminate\Routing\Router.php(750): Illuminate\Routing\Router-&gt;runRoute()
#31 D:\DO_AN_TOT_NGHIEP\doan_calamity_manager\vendor\laravel\framework\src\Illuminate\Routing\Router.php(739): Illuminate\Routing\Router-&gt;dispatchToRoute()
#32 D:\DO_AN_TOT_NGHIEP\doan_calamity_manager\vendor\laravel\framework\src\Illuminate\Foundation\Http\Kernel.php(200): Illuminate\Routing\Router-&gt;dispatch()
#33 D:\DO_AN_TOT_NGHIEP\doan_calamity_manager\vendor\laravel\framework\src\Illuminate\Pipeline\Pipeline.php(169): Illuminate\Foundation\Http\Kernel-&gt;Illuminate\Foundation\Http\{closure}()
#34 D:\DO_AN_TOT_NGHIEP\doan_calamity_manager\vendor\laravel\framework\src\Illuminate\Foundation\Http\Middleware\TransformsRequest.php(21): Illuminate\Pipeline\Pipeline-&gt;Illuminate\Pipeline\{closure}()
#35 D:\DO_AN_TOT_NGHIEP\doan_calamity_manager\vendor\laravel\framework\src\Illuminate\Foundation\Http\Middleware\ConvertEmptyStringsToNull.php(31): Illuminate\Foundation\Http\Middleware\TransformsRequest-&gt;handle()
#36 D:\DO_AN_TOT_NGHIEP\doan_calamity_manager\vendor\laravel\framework\src\Illuminate\Pipeline\Pipeline.php(208): Illuminate\Foundation\Http\Middleware\ConvertEmptyStringsToNull-&gt;handle()
#37 D:\DO_AN_TOT_NGHIEP\doan_calamity_manager\vendor\laravel\framework\src\Illuminate\Foundation\Http\Middleware\TransformsRequest.php(21): Illuminate\Pipeline\Pipeline-&gt;Illuminate\Pipeline\{closure}()
#38 D:\DO_AN_TOT_NGHIEP\doan_calamity_manager\vendor\laravel\framework\src\Illuminate\Foundation\Http\Middleware\TrimStrings.php(51): Illuminate\Foundation\Http\Middleware\TransformsRequest-&gt;handle()
#39 D:\DO_AN_TOT_NGHIEP\doan_calamity_manager\vendor\laravel\framework\src\Illuminate\Pipeline\Pipeline.php(208): Illuminate\Foundation\Http\Middleware\TrimStrings-&gt;handle()
#40 D:\DO_AN_TOT_NGHIEP\doan_calamity_manager\vendor\laravel\framework\src\Illuminate\Http\Middleware\ValidatePostSize.php(27): Illuminate\Pipeline\Pipeline-&gt;Illuminate\Pipeline\{closure}()
#41 D:\DO_AN_TOT_NGHIEP\doan_calamity_manager\vendor\laravel\framework\src\Illuminate\Pipeline\Pipeline.php(208): Illuminate\Http\Middleware\ValidatePostSize-&gt;handle()
#42 D:\DO_AN_TOT_NGHIEP\doan_calamity_manager\vendor\laravel\framework\src\Illuminate\Foundation\Http\Middleware\PreventRequestsDuringMaintenance.php(109): Illuminate\Pipeline\Pipeline-&gt;Illuminate\Pipeline\{closure}()
#43 D:\DO_AN_TOT_NGHIEP\doan_calamity_manager\vendor\laravel\framework\src\Illuminate\Pipeline\Pipeline.php(208): Illuminate\Foundation\Http\Middleware\PreventRequestsDuringMaintenance-&gt;handle()
#44 D:\DO_AN_TOT_NGHIEP\doan_calamity_manager\vendor\laravel\framework\src\Illuminate\Http\Middleware\HandleCors.php(48): Illuminate\Pipeline\Pipeline-&gt;Illuminate\Pipeline\{closure}()
#45 D:\DO_AN_TOT_NGHIEP\doan_calamity_manager\vendor\laravel\framework\src\Illuminate\Pipeline\Pipeline.php(208): Illuminate\Http\Middleware\HandleCors-&gt;handle()
#46 D:\DO_AN_TOT_NGHIEP\doan_calamity_manager\vendor\laravel\framework\src\Illuminate\Http\Middleware\TrustProxies.php(58): Illuminate\Pipeline\Pipeline-&gt;Illuminate\Pipeline\{closure}()
#47 D:\DO_AN_TOT_NGHIEP\doan_calamity_manager\vendor\laravel\framework\src\Illuminate\Pipeline\Pipeline.php(208): Illuminate\Http\Middleware\TrustProxies-&gt;handle()
#48 D:\DO_AN_TOT_NGHIEP\doan_calamity_manager\vendor\laravel\framework\src\Illuminate\Foundation\Http\Middleware\InvokeDeferredCallbacks.php(22): Illuminate\Pipeline\Pipeline-&gt;Illuminate\Pipeline\{closure}()
#49 D:\DO_AN_TOT_NGHIEP\doan_calamity_manager\vendor\laravel\framework\src\Illuminate\Pipeline\Pipeline.php(208): Illuminate\Foundation\Http\Middleware\InvokeDeferredCallbacks-&gt;handle()
#50 D:\DO_AN_TOT_NGHIEP\doan_calamity_manager\vendor\laravel\framework\src\Illuminate\Http\Middleware\ValidatePathEncoding.php(26): Illuminate\Pipeline\Pipeline-&gt;Illuminate\Pipeline\{closure}()
#51 D:\DO_AN_TOT_NGHIEP\doan_calamity_manager\vendor\laravel\framework\src\Illuminate\Pipeline\Pipeline.php(208): Illuminate\Http\Middleware\ValidatePathEncoding-&gt;handle()
#52 D:\DO_AN_TOT_NGHIEP\doan_calamity_manager\vendor\laravel\framework\src\Illuminate\Pipeline\Pipeline.php(126): Illuminate\Pipeline\Pipeline-&gt;Illuminate\Pipeline\{closure}()
#53 D:\DO_AN_TOT_NGHIEP\doan_calamity_manager\vendor\laravel\framework\src\Illuminate\Foundation\Http\Kernel.php(175): Illuminate\Pipeline\Pipeline-&gt;then()
#54 D:\DO_AN_TOT_NGHIEP\doan_calamity_manager\vendor\laravel\framework\src\Illuminate\Foundation\Http\Kernel.php(144): Illuminate\Foundation\Http\Kernel-&gt;sendRequestThroughRouter()
#55 D:\DO_AN_TOT_NGHIEP\doan_calamity_manager\vendor\laravel\framework\src\Illuminate\Foundation\Testing\Concerns\MakesHttpRequests.php(607): Illuminate\Foundation\Http\Kernel-&gt;handle()
#56 D:\DO_AN_TOT_NGHIEP\doan_calamity_manager\vendor\laravel\framework\src\Illuminate\Foundation\Testing\Concerns\MakesHttpRequests.php(368): Illuminate\Foundation\Testing\TestCase-&gt;call()
#57 D:\DO_AN_TOT_NGHIEP\doan_calamity_manager\tests\Feature\CalamityManagementTest.php(22): Illuminate\Foundation\Testing\TestCase-&gt;get()
#58 D:\DO_AN_TOT_NGHIEP\doan_calamity_manager\vendor\phpunit\phpunit\src\Framework\TestCase.php(1656): Tests\Feature\CalamityManagementTest-&gt;test_guest_can_view_flooding_calamity_list()
#59 D:\DO_AN_TOT_NGHIEP\doan_calamity_manager\vendor\phpunit\phpunit\src\Framework\TestCase.php(514): PHPUnit\Framework\TestCase-&gt;runTest()
#60 D:\DO_AN_TOT_NGHIEP\doan_calamity_manager\vendor\phpunit\phpunit\src\Framework\TestRunner\TestRunner.php(87): PHPUnit\Framework\TestCase-&gt;runBare()
#61 D:\DO_AN_TOT_NGHIEP\doan_calamity_manager\vendor\phpunit\phpunit\src\Framework\TestCase.php(361): PHPUnit\Framework\TestRunner-&gt;run()
#62 D:\DO_AN_TOT_NGHIEP\doan_calamity_manager\vendor\phpunit\phpunit\src\Framework\TestSuite.php(369): PHPUnit\Framework\TestCase-&gt;run()
#63 D:\DO_AN_TOT_NGHIEP\doan_calamity_manager\vendor\phpunit\phpunit\src\Framework\TestSuite.php(369): PHPUnit\Framework\TestSuite-&gt;run()
#64 D:\DO_AN_TOT_NGHIEP\doan_calamity_manager\vendor\phpunit\phpunit\src\Framework\TestSuite.php(369): PHPUnit\Framework\TestSuite-&gt;run()
#65 D:\DO_AN_TOT_NGHIEP\doan_calamity_manager\vendor\phpunit\phpunit\src\TextUI\TestRunner.php(64): PHPUnit\Framework\TestSuite-&gt;run()
#66 D:\DO_AN_TOT_NGHIEP\doan_calamity_manager\vendor\phpunit\phpunit\src\TextUI\Application.php(210): PHPUnit\TextUI\TestRunner-&gt;run()
#67 D:\DO_AN_TOT_NGHIEP\doan_calamity_manager\vendor\phpunit\phpunit\phpunit(104): PHPUnit\TextUI\Application-&gt;run()
#68 {main}

----------------------------------------------------------------------------------

SQLSTATE[HY000]: General error: 1 no such function: YEAR (Connection: sqlite, SQL: select distinct YEAR(time_start) as year from "calamities" where exists (select * from "risk_levels" where "calamities"."risk_level_id" = "risk_levels"."id" and exists (select * from "type_of_calamities" where "risk_levels"."type_of_calamity_id" = "type_of_calamities"."id" and "slug" = ngap-lut)) order by "year" desc)
&#13;
D:\DO_AN_TOT_NGHIEP\doan_calamity_manager\vendor\laravel\framework\src\Illuminate\Testing\TestResponseAssert.php:45
D:\DO_AN_TOT_NGHIEP\doan_calamity_manager\vendor\laravel\framework\src\Illuminate\Testing\TestResponse.php:174
D:\DO_AN_TOT_NGHIEP\doan_calamity_manager\tests\Feature\CalamityManagementTest.php:23</failure>
        </testcase>
        <testcase name="test_guest_can_view_storm_calamity_list" file="D:\DO_AN_TOT_NGHIEP\doan_calamity_manager\tests\Feature\CalamityManagementTest.php" line="26" class="Tests\Feature\CalamityManagementTest" classname="Tests.Feature.CalamityManagementTest" assertions="1" time="0.527790">
          <failure type="PHPUnit\Framework\ExpectationFailedException">Tests\Feature\CalamityManagementTest::test_guest_can_view_storm_calamity_list&#13;
Expected response status code [200] but received 500.
Failed asserting that 500 is identical to 200.&#13;
&#13;
The following exception occurred during the last request:

PDOException: SQLSTATE[HY000]: General error: 1 no such function: YEAR in D:\DO_AN_TOT_NGHIEP\doan_calamity_manager\vendor\laravel\framework\src\Illuminate\Database\Connection.php:404
Stack trace:
#0 D:\DO_AN_TOT_NGHIEP\doan_calamity_manager\vendor\laravel\framework\src\Illuminate\Database\Connection.php(404): PDO-&gt;prepare()
#1 D:\DO_AN_TOT_NGHIEP\doan_calamity_manager\vendor\laravel\framework\src\Illuminate\Database\Connection.php(809): Illuminate\Database\Connection-&gt;Illuminate\Database\{closure}()
#2 D:\DO_AN_TOT_NGHIEP\doan_calamity_manager\vendor\laravel\framework\src\Illuminate\Database\Connection.php(776): Illuminate\Database\Connection-&gt;runQueryCallback()
#3 D:\DO_AN_TOT_NGHIEP\doan_calamity_manager\vendor\laravel\framework\src\Illuminate\Database\Connection.php(395): Illuminate\Database\Connection-&gt;run()
#4 D:\DO_AN_TOT_NGHIEP\doan_calamity_manager\vendor\laravel\framework\src\Illuminate\Database\Query\Builder.php(3131): Illuminate\Database\Connection-&gt;select()
#5 D:\DO_AN_TOT_NGHIEP\doan_calamity_manager\vendor\laravel\framework\src\Illuminate\Database\Query\Builder.php(3389): Illuminate\Database\Query\Builder-&gt;runSelect()
#6 D:\DO_AN_TOT_NGHIEP\doan_calamity_manager\vendor\laravel\framework\src\Illuminate\Database\Query\Builder.php(3706): Illuminate\Database\Query\Builder-&gt;Illuminate\Database\Query\{closure}()
#7 D:\DO_AN_TOT_NGHIEP\doan_calamity_manager\vendor\laravel\framework\src\Illuminate\Database\Query\Builder.php(3385): Illuminate\Database\Query\Builder-&gt;onceWithColumns()
#8 D:\DO_AN_TOT_NGHIEP\doan_calamity_manager\vendor\laravel\framework\src\Illuminate\Database\Eloquent\Builder.php(1052): Illuminate\Database\Query\Builder-&gt;pluck()
#9 D:\DO_AN_TOT_NGHIEP\doan_calamity_manager\app\Http\Controllers\Calamities\StormCalamityController.php(83): Illuminate\Database\Eloquent\Builder-&gt;pluck()
#10 D:\DO_AN_TOT_NGHIEP\doan_calamity_manager\vendor\laravel\framework\src\Illuminate\Routing\Controller.php(54): App\Http\Controllers\Calamities\StormCalamityController-&gt;index()
#11 D:\DO_AN_TOT_NGHIEP\doan_calamity_manager\vendor\laravel\framework\src\Illuminate\Routing\ControllerDispatcher.php(43): Illuminate\Routing\Controller-&gt;callAction()
#12 D:\DO_AN_TOT_NGHIEP\doan_calamity_manager\vendor\laravel\framework\src\Illuminate\Routing\Route.php(265): Illuminate\Routing\ControllerDispatcher-&gt;dispatch()
#13 D:\DO_AN_TOT_NGHIEP\doan_calamity_manager\vendor\laravel\framework\src\Illuminate\Routing\Route.php(211): Illuminate\Routing\Route-&gt;runController()
#14 D:\DO_AN_TOT_NGHIEP\doan_calamity_manager\vendor\laravel\framework\src\Illuminate\Routing\Router.php(808): Illuminate\Routing\Route-&gt;run()
#15 D:\DO_AN_TOT_NGHIEP\doan_calamity_manager\vendor\laravel\framework\src\Illuminate\Pipeline\Pipeline.php(169): Illuminate\Routing\Router-&gt;Illuminate\Routing\{closure}()
#16 D:\DO_AN_TOT_NGHIEP\doan_calamity_manager\vendor\laravel\framework\src\Illuminate\Routing\Middleware\SubstituteBindings.php(50): Illuminate\Pipeline\Pipeline-&gt;Illuminate\Pipeline\{closure}()
#17 D:\DO_AN_TOT_NGHIEP\doan_calamity_manager\vendor\laravel\framework\src\Illuminate\Pipeline\Pipeline.php(208): Illuminate\Routing\Middleware\SubstituteBindings-&gt;handle()
#18 D:\DO_AN_TOT_NGHIEP\doan_calamity_manager\vendor\laravel\framework\src\Illuminate\Foundation\Http\Middleware\VerifyCsrfToken.php(87): Illuminate\Pipeline\Pipeline-&gt;Illuminate\Pipeline\{closure}()
#19 D:\DO_AN_TOT_NGHIEP\doan_calamity_manager\vendor\laravel\framework\src\Illuminate\Pipeline\Pipeline.php(208): Illuminate\Foundation\Http\Middleware\VerifyCsrfToken-&gt;handle()
#20 D:\DO_AN_TOT_NGHIEP\doan_calamity_manager\vendor\laravel\framework\src\Illuminate\View\Middleware\ShareErrorsFromSession.php(48): Illuminate\Pipeline\Pipeline-&gt;Illuminate\Pipeline\{closure}()
#21 D:\DO_AN_TOT_NGHIEP\doan_calamity_manager\vendor\laravel\framework\src\Illuminate\Pipeline\Pipeline.php(208): Illuminate\View\Middleware\ShareErrorsFromSession-&gt;handle()
#22 D:\DO_AN_TOT_NGHIEP\doan_calamity_manager\vendor\laravel\framework\src\Illuminate\Session\Middleware\StartSession.php(120): Illuminate\Pipeline\Pipeline-&gt;Illuminate\Pipeline\{closure}()
#23 D:\DO_AN_TOT_NGHIEP\doan_calamity_manager\vendor\laravel\framework\src\Illuminate\Session\Middleware\StartSession.php(63): Illuminate\Session\Middleware\StartSession-&gt;handleStatefulRequest()
#24 D:\DO_AN_TOT_NGHIEP\doan_calamity_manager\vendor\laravel\framework\src\Illuminate\Pipeline\Pipeline.php(208): Illuminate\Session\Middleware\StartSession-&gt;handle()
#25 D:\DO_AN_TOT_NGHIEP\doan_calamity_manager\vendor\laravel\framework\src\Illuminate\Cookie\Middleware\AddQueuedCookiesToResponse.php(36): Illuminate\Pipeline\Pipeline-&gt;Illuminate\Pipeline\{closure}()
#26 D:\DO_AN_TOT_NGHIEP\doan_calamity_manager\vendor\laravel\framework\src\Illuminate\Pipeline\Pipeline.php(208): Illuminate\Cookie\Middleware\AddQueuedCookiesToResponse-&gt;handle()
#27 D:\DO_AN_TOT_NGHIEP\doan_calamity_manager\vendor\laravel\framework\src\Illuminate\Cookie\Middleware\EncryptCookies.php(74): Illuminate\Pipeline\Pipeline-&gt;Illuminate\Pipeline\{closure}()
#28 D:\DO_AN_TOT_NGHIEP\doan_calamity_manager\vendor\laravel\framework\src\Illuminate\Pipeline\Pipeline.php(208): Illuminate\Cookie\Middleware\EncryptCookies-&gt;handle()
#29 D:\DO_AN_TOT_NGHIEP\doan_calamity_manager\vendor\laravel\framework\src\Illuminate\Pipeline\Pipeline.php(126): Illuminate\Pipeline\Pipeline-&gt;Illuminate\Pipeline\{closure}()
#30 D:\DO_AN_TOT_NGHIEP\doan_calamity_manager\vendor\laravel\framework\src\Illuminate\Routing\Router.php(807): Illuminate\Pipeline\Pipeline-&gt;then()
#31 D:\DO_AN_TOT_NGHIEP\doan_calamity_manager\vendor\laravel\framework\src\Illuminate\Routing\Router.php(786): Illuminate\Routing\Router-&gt;runRouteWithinStack()
#32 D:\DO_AN_TOT_NGHIEP\doan_calamity_manager\vendor\laravel\framework\src\Illuminate\Routing\Router.php(750): Illuminate\Routing\Router-&gt;runRoute()
#33 D:\DO_AN_TOT_NGHIEP\doan_calamity_manager\vendor\laravel\framework\src\Illuminate\Routing\Router.php(739): Illuminate\Routing\Router-&gt;dispatchToRoute()
#34 D:\DO_AN_TOT_NGHIEP\doan_calamity_manager\vendor\laravel\framework\src\Illuminate\Foundation\Http\Kernel.php(200): Illuminate\Routing\Router-&gt;dispatch()
#35 D:\DO_AN_TOT_NGHIEP\doan_calamity_manager\vendor\laravel\framework\src\Illuminate\Pipeline\Pipeline.php(169): Illuminate\Foundation\Http\Kernel-&gt;Illuminate\Foundation\Http\{closure}()
#36 D:\DO_AN_TOT_NGHIEP\doan_calamity_manager\vendor\laravel\framework\src\Illuminate\Foundation\Http\Middleware\TransformsRequest.php(21): Illuminate\Pipeline\Pipeline-&gt;Illuminate\Pipeline\{closure}()
#37 D:\DO_AN_TOT_NGHIEP\doan_calamity_manager\vendor\laravel\framework\src\Illuminate\Foundation\Http\Middleware\ConvertEmptyStringsToNull.php(31): Illuminate\Foundation\Http\Middleware\TransformsRequest-&gt;handle()
#38 D:\DO_AN_TOT_NGHIEP\doan_calamity_manager\vendor\laravel\framework\src\Illuminate\Pipeline\Pipeline.php(208): Illuminate\Foundation\Http\Middleware\ConvertEmptyStringsToNull-&gt;handle()
#39 D:\DO_AN_TOT_NGHIEP\doan_calamity_manager\vendor\laravel\framework\src\Illuminate\Foundation\Http\Middleware\TransformsRequest.php(21): Illuminate\Pipeline\Pipeline-&gt;Illuminate\Pipeline\{closure}()
#40 D:\DO_AN_TOT_NGHIEP\doan_calamity_manager\vendor\laravel\framework\src\Illuminate\Foundation\Http\Middleware\TrimStrings.php(51): Illuminate\Foundation\Http\Middleware\TransformsRequest-&gt;handle()
#41 D:\DO_AN_TOT_NGHIEP\doan_calamity_manager\vendor\laravel\framework\src\Illuminate\Pipeline\Pipeline.php(208): Illuminate\Foundation\Http\Middleware\TrimStrings-&gt;handle()
#42 D:\DO_AN_TOT_NGHIEP\doan_calamity_manager\vendor\laravel\framework\src\Illuminate\Http\Middleware\ValidatePostSize.php(27): Illuminate\Pipeline\Pipeline-&gt;Illuminate\Pipeline\{closure}()
#43 D:\DO_AN_TOT_NGHIEP\doan_calamity_manager\vendor\laravel\framework\src\Illuminate\Pipeline\Pipeline.php(208): Illuminate\Http\Middleware\ValidatePostSize-&gt;handle()
#44 D:\DO_AN_TOT_NGHIEP\doan_calamity_manager\vendor\laravel\framework\src\Illuminate\Foundation\Http\Middleware\PreventRequestsDuringMaintenance.php(109): Illuminate\Pipeline\Pipeline-&gt;Illuminate\Pipeline\{closure}()
#45 D:\DO_AN_TOT_NGHIEP\doan_calamity_manager\vendor\laravel\framework\src\Illuminate\Pipeline\Pipeline.php(208): Illuminate\Foundation\Http\Middleware\PreventRequestsDuringMaintenance-&gt;handle()
#46 D:\DO_AN_TOT_NGHIEP\doan_calamity_manager\vendor\laravel\framework\src\Illuminate\Http\Middleware\HandleCors.php(48): Illuminate\Pipeline\Pipeline-&gt;Illuminate\Pipeline\{closure}()
#47 D:\DO_AN_TOT_NGHIEP\doan_calamity_manager\vendor\laravel\framework\src\Illuminate\Pipeline\Pipeline.php(208): Illuminate\Http\Middleware\HandleCors-&gt;handle()
#48 D:\DO_AN_TOT_NGHIEP\doan_calamity_manager\vendor\laravel\framework\src\Illuminate\Http\Middleware\TrustProxies.php(58): Illuminate\Pipeline\Pipeline-&gt;Illuminate\Pipeline\{closure}()
#49 D:\DO_AN_TOT_NGHIEP\doan_calamity_manager\vendor\laravel\framework\src\Illuminate\Pipeline\Pipeline.php(208): Illuminate\Http\Middleware\TrustProxies-&gt;handle()
#50 D:\DO_AN_TOT_NGHIEP\doan_calamity_manager\vendor\laravel\framework\src\Illuminate\Foundation\Http\Middleware\InvokeDeferredCallbacks.php(22): Illuminate\Pipeline\Pipeline-&gt;Illuminate\Pipeline\{closure}()
#51 D:\DO_AN_TOT_NGHIEP\doan_calamity_manager\vendor\laravel\framework\src\Illuminate\Pipeline\Pipeline.php(208): Illuminate\Foundation\Http\Middleware\InvokeDeferredCallbacks-&gt;handle()
#52 D:\DO_AN_TOT_NGHIEP\doan_calamity_manager\vendor\laravel\framework\src\Illuminate\Http\Middleware\ValidatePathEncoding.php(26): Illuminate\Pipeline\Pipeline-&gt;Illuminate\Pipeline\{closure}()
#53 D:\DO_AN_TOT_NGHIEP\doan_calamity_manager\vendor\laravel\framework\src\Illuminate\Pipeline\Pipeline.php(208): Illuminate\Http\Middleware\ValidatePathEncoding-&gt;handle()
#54 D:\DO_AN_TOT_NGHIEP\doan_calamity_manager\vendor\laravel\framework\src\Illuminate\Pipeline\Pipeline.php(126): Illuminate\Pipeline\Pipeline-&gt;Illuminate\Pipeline\{closure}()
#55 D:\DO_AN_TOT_NGHIEP\doan_calamity_manager\vendor\laravel\framework\src\Illuminate\Foundation\Http\Kernel.php(175): Illuminate\Pipeline\Pipeline-&gt;then()
#56 D:\DO_AN_TOT_NGHIEP\doan_calamity_manager\vendor\laravel\framework\src\Illuminate\Foundation\Http\Kernel.php(144): Illuminate\Foundation\Http\Kernel-&gt;sendRequestThroughRouter()
#57 D:\DO_AN_TOT_NGHIEP\doan_calamity_manager\vendor\laravel\framework\src\Illuminate\Foundation\Testing\Concerns\MakesHttpRequests.php(607): Illuminate\Foundation\Http\Kernel-&gt;handle()
#58 D:\DO_AN_TOT_NGHIEP\doan_calamity_manager\vendor\laravel\framework\src\Illuminate\Foundation\Testing\Concerns\MakesHttpRequests.php(368): Illuminate\Foundation\Testing\TestCase-&gt;call()
#59 D:\DO_AN_TOT_NGHIEP\doan_calamity_manager\tests\Feature\CalamityManagementTest.php(28): Illuminate\Foundation\Testing\TestCase-&gt;get()
#60 D:\DO_AN_TOT_NGHIEP\doan_calamity_manager\vendor\phpunit\phpunit\src\Framework\TestCase.php(1656): Tests\Feature\CalamityManagementTest-&gt;test_guest_can_view_storm_calamity_list()
#61 D:\DO_AN_TOT_NGHIEP\doan_calamity_manager\vendor\phpunit\phpunit\src\Framework\TestCase.php(514): PHPUnit\Framework\TestCase-&gt;runTest()
#62 D:\DO_AN_TOT_NGHIEP\doan_calamity_manager\vendor\phpunit\phpunit\src\Framework\TestRunner\TestRunner.php(87): PHPUnit\Framework\TestCase-&gt;runBare()
#63 D:\DO_AN_TOT_NGHIEP\doan_calamity_manager\vendor\phpunit\phpunit\src\Framework\TestCase.php(361): PHPUnit\Framework\TestRunner-&gt;run()
#64 D:\DO_AN_TOT_NGHIEP\doan_calamity_manager\vendor\phpunit\phpunit\src\Framework\TestSuite.php(369): PHPUnit\Framework\TestCase-&gt;run()
#65 D:\DO_AN_TOT_NGHIEP\doan_calamity_manager\vendor\phpunit\phpunit\src\Framework\TestSuite.php(369): PHPUnit\Framework\TestSuite-&gt;run()
#66 D:\DO_AN_TOT_NGHIEP\doan_calamity_manager\vendor\phpunit\phpunit\src\Framework\TestSuite.php(369): PHPUnit\Framework\TestSuite-&gt;run()
#67 D:\DO_AN_TOT_NGHIEP\doan_calamity_manager\vendor\phpunit\phpunit\src\TextUI\TestRunner.php(64): PHPUnit\Framework\TestSuite-&gt;run()
#68 D:\DO_AN_TOT_NGHIEP\doan_calamity_manager\vendor\phpunit\phpunit\src\TextUI\Application.php(210): PHPUnit\TextUI\TestRunner-&gt;run()
#69 D:\DO_AN_TOT_NGHIEP\doan_calamity_manager\vendor\phpunit\phpunit\phpunit(104): PHPUnit\TextUI\Application-&gt;run()
#70 {main}

Next Illuminate\Database\QueryException: SQLSTATE[HY000]: General error: 1 no such function: YEAR (Connection: sqlite, SQL: select distinct YEAR(time_start) as year from "calamities" where exists (select * from "risk_levels" where "calamities"."risk_level_id" = "risk_levels"."id" and exists (select * from "type_of_calamities" where "risk_levels"."type_of_calamity_id" = "type_of_calamities"."id" and "slug" = bao-ap-thap-nhiet-doi)) order by "year" desc) in D:\DO_AN_TOT_NGHIEP\doan_calamity_manager\vendor\laravel\framework\src\Illuminate\Database\Connection.php:822
Stack trace:
#0 D:\DO_AN_TOT_NGHIEP\doan_calamity_manager\vendor\laravel\framework\src\Illuminate\Database\Connection.php(776): Illuminate\Database\Connection-&gt;runQueryCallback()
#1 D:\DO_AN_TOT_NGHIEP\doan_calamity_manager\vendor\laravel\framework\src\Illuminate\Database\Connection.php(395): Illuminate\Database\Connection-&gt;run()
#2 D:\DO_AN_TOT_NGHIEP\doan_calamity_manager\vendor\laravel\framework\src\Illuminate\Database\Query\Builder.php(3131): Illuminate\Database\Connection-&gt;select()
#3 D:\DO_AN_TOT_NGHIEP\doan_calamity_manager\vendor\laravel\framework\src\Illuminate\Database\Query\Builder.php(3389): Illuminate\Database\Query\Builder-&gt;runSelect()
#4 D:\DO_AN_TOT_NGHIEP\doan_calamity_manager\vendor\laravel\framework\src\Illuminate\Database\Query\Builder.php(3706): Illuminate\Database\Query\Builder-&gt;Illuminate\Database\Query\{closure}()
#5 D:\DO_AN_TOT_NGHIEP\doan_calamity_manager\vendor\laravel\framework\src\Illuminate\Database\Query\Builder.php(3385): Illuminate\Database\Query\Builder-&gt;onceWithColumns()
#6 D:\DO_AN_TOT_NGHIEP\doan_calamity_manager\vendor\laravel\framework\src\Illuminate\Database\Eloquent\Builder.php(1052): Illuminate\Database\Query\Builder-&gt;pluck()
#7 D:\DO_AN_TOT_NGHIEP\doan_calamity_manager\app\Http\Controllers\Calamities\StormCalamityController.php(83): Illuminate\Database\Eloquent\Builder-&gt;pluck()
#8 D:\DO_AN_TOT_NGHIEP\doan_calamity_manager\vendor\laravel\framework\src\Illuminate\Routing\Controller.php(54): App\Http\Controllers\Calamities\StormCalamityController-&gt;index()
#9 D:\DO_AN_TOT_NGHIEP\doan_calamity_manager\vendor\laravel\framework\src\Illuminate\Routing\ControllerDispatcher.php(43): Illuminate\Routing\Controller-&gt;callAction()
#10 D:\DO_AN_TOT_NGHIEP\doan_calamity_manager\vendor\laravel\framework\src\Illuminate\Routing\Route.php(265): Illuminate\Routing\ControllerDispatcher-&gt;dispatch()
#11 D:\DO_AN_TOT_NGHIEP\doan_calamity_manager\vendor\laravel\framework\src\Illuminate\Routing\Route.php(211): Illuminate\Routing\Route-&gt;runController()
#12 D:\DO_AN_TOT_NGHIEP\doan_calamity_manager\vendor\laravel\framework\src\Illuminate\Routing\Router.php(808): Illuminate\Routing\Route-&gt;run()
#13 D:\DO_AN_TOT_NGHIEP\doan_calamity_manager\vendor\laravel\framework\src\Illuminate\Pipeline\Pipeline.php(169): Illuminate\Routing\Router-&gt;Illuminate\Routing\{closure}()
#14 D:\DO_AN_TOT_NGHIEP\doan_calamity_manager\vendor\laravel\framework\src\Illuminate\Routing\Middleware\SubstituteBindings.php(50): Illuminate\Pipeline\Pipeline-&gt;Illuminate\Pipeline\{closure}()
#15 D:\DO_AN_TOT_NGHIEP\doan_calamity_manager\vendor\laravel\framework\src\Illuminate\Pipeline\Pipeline.php(208): Illuminate\Routing\Middleware\SubstituteBindings-&gt;handle()
#16 D:\DO_AN_TOT_NGHIEP\doan_calamity_manager\vendor\laravel\framework\src\Illuminate\Foundation\Http\Middleware\VerifyCsrfToken.php(87): Illuminate\Pipeline\Pipeline-&gt;Illuminate\Pipeline\{closure}()
#17 D:\DO_AN_TOT_NGHIEP\doan_calamity_manager\vendor\laravel\framework\src\Illuminate\Pipeline\Pipeline.php(208): Illuminate\Foundation\Http\Middleware\VerifyCsrfToken-&gt;handle()
#18 D:\DO_AN_TOT_NGHIEP\doan_calamity_manager\vendor\laravel\framework\src\Illuminate\View\Middleware\ShareErrorsFromSession.php(48): Illuminate\Pipeline\Pipeline-&gt;Illuminate\Pipeline\{closure}()
#19 D:\DO_AN_TOT_NGHIEP\doan_calamity_manager\vendor\laravel\framework\src\Illuminate\Pipeline\Pipeline.php(208): Illuminate\View\Middleware\ShareErrorsFromSession-&gt;handle()
#20 D:\DO_AN_TOT_NGHIEP\doan_calamity_manager\vendor\laravel\framework\src\Illuminate\Session\Middleware\StartSession.php(120): Illuminate\Pipeline\Pipeline-&gt;Illuminate\Pipeline\{closure}()
#21 D:\DO_AN_TOT_NGHIEP\doan_calamity_manager\vendor\laravel\framework\src\Illuminate\Session\Middleware\StartSession.php(63): Illuminate\Session\Middleware\StartSession-&gt;handleStatefulRequest()
#22 D:\DO_AN_TOT_NGHIEP\doan_calamity_manager\vendor\laravel\framework\src\Illuminate\Pipeline\Pipeline.php(208): Illuminate\Session\Middleware\StartSession-&gt;handle()
#23 D:\DO_AN_TOT_NGHIEP\doan_calamity_manager\vendor\laravel\framework\src\Illuminate\Cookie\Middleware\AddQueuedCookiesToResponse.php(36): Illuminate\Pipeline\Pipeline-&gt;Illuminate\Pipeline\{closure}()
#24 D:\DO_AN_TOT_NGHIEP\doan_calamity_manager\vendor\laravel\framework\src\Illuminate\Pipeline\Pipeline.php(208): Illuminate\Cookie\Middleware\AddQueuedCookiesToResponse-&gt;handle()
#25 D:\DO_AN_TOT_NGHIEP\doan_calamity_manager\vendor\laravel\framework\src\Illuminate\Cookie\Middleware\EncryptCookies.php(74): Illuminate\Pipeline\Pipeline-&gt;Illuminate\Pipeline\{closure}()
#26 D:\DO_AN_TOT_NGHIEP\doan_calamity_manager\vendor\laravel\framework\src\Illuminate\Pipeline\Pipeline.php(208): Illuminate\Cookie\Middleware\EncryptCookies-&gt;handle()
#27 D:\DO_AN_TOT_NGHIEP\doan_calamity_manager\vendor\laravel\framework\src\Illuminate\Pipeline\Pipeline.php(126): Illuminate\Pipeline\Pipeline-&gt;Illuminate\Pipeline\{closure}()
#28 D:\DO_AN_TOT_NGHIEP\doan_calamity_manager\vendor\laravel\framework\src\Illuminate\Routing\Router.php(807): Illuminate\Pipeline\Pipeline-&gt;then()
#29 D:\DO_AN_TOT_NGHIEP\doan_calamity_manager\vendor\laravel\framework\src\Illuminate\Routing\Router.php(786): Illuminate\Routing\Router-&gt;runRouteWithinStack()
#30 D:\DO_AN_TOT_NGHIEP\doan_calamity_manager\vendor\laravel\framework\src\Illuminate\Routing\Router.php(750): Illuminate\Routing\Router-&gt;runRoute()
#31 D:\DO_AN_TOT_NGHIEP\doan_calamity_manager\vendor\laravel\framework\src\Illuminate\Routing\Router.php(739): Illuminate\Routing\Router-&gt;dispatchToRoute()
#32 D:\DO_AN_TOT_NGHIEP\doan_calamity_manager\vendor\laravel\framework\src\Illuminate\Foundation\Http\Kernel.php(200): Illuminate\Routing\Router-&gt;dispatch()
#33 D:\DO_AN_TOT_NGHIEP\doan_calamity_manager\vendor\laravel\framework\src\Illuminate\Pipeline\Pipeline.php(169): Illuminate\Foundation\Http\Kernel-&gt;Illuminate\Foundation\Http\{closure}()
#34 D:\DO_AN_TOT_NGHIEP\doan_calamity_manager\vendor\laravel\framework\src\Illuminate\Foundation\Http\Middleware\TransformsRequest.php(21): Illuminate\Pipeline\Pipeline-&gt;Illuminate\Pipeline\{closure}()
#35 D:\DO_AN_TOT_NGHIEP\doan_calamity_manager\vendor\laravel\framework\src\Illuminate\Foundation\Http\Middleware\ConvertEmptyStringsToNull.php(31): Illuminate\Foundation\Http\Middleware\TransformsRequest-&gt;handle()
#36 D:\DO_AN_TOT_NGHIEP\doan_calamity_manager\vendor\laravel\framework\src\Illuminate\Pipeline\Pipeline.php(208): Illuminate\Foundation\Http\Middleware\ConvertEmptyStringsToNull-&gt;handle()
#37 D:\DO_AN_TOT_NGHIEP\doan_calamity_manager\vendor\laravel\framework\src\Illuminate\Foundation\Http\Middleware\TransformsRequest.php(21): Illuminate\Pipeline\Pipeline-&gt;Illuminate\Pipeline\{closure}()
#38 D:\DO_AN_TOT_NGHIEP\doan_calamity_manager\vendor\laravel\framework\src\Illuminate\Foundation\Http\Middleware\TrimStrings.php(51): Illuminate\Foundation\Http\Middleware\TransformsRequest-&gt;handle()
#39 D:\DO_AN_TOT_NGHIEP\doan_calamity_manager\vendor\laravel\framework\src\Illuminate\Pipeline\Pipeline.php(208): Illuminate\Foundation\Http\Middleware\TrimStrings-&gt;handle()
#40 D:\DO_AN_TOT_NGHIEP\doan_calamity_manager\vendor\laravel\framework\src\Illuminate\Http\Middleware\ValidatePostSize.php(27): Illuminate\Pipeline\Pipeline-&gt;Illuminate\Pipeline\{closure}()
#41 D:\DO_AN_TOT_NGHIEP\doan_calamity_manager\vendor\laravel\framework\src\Illuminate\Pipeline\Pipeline.php(208): Illuminate\Http\Middleware\ValidatePostSize-&gt;handle()
#42 D:\DO_AN_TOT_NGHIEP\doan_calamity_manager\vendor\laravel\framework\src\Illuminate\Foundation\Http\Middleware\PreventRequestsDuringMaintenance.php(109): Illuminate\Pipeline\Pipeline-&gt;Illuminate\Pipeline\{closure}()
#43 D:\DO_AN_TOT_NGHIEP\doan_calamity_manager\vendor\laravel\framework\src\Illuminate\Pipeline\Pipeline.php(208): Illuminate\Foundation\Http\Middleware\PreventRequestsDuringMaintenance-&gt;handle()
#44 D:\DO_AN_TOT_NGHIEP\doan_calamity_manager\vendor\laravel\framework\src\Illuminate\Http\Middleware\HandleCors.php(48): Illuminate\Pipeline\Pipeline-&gt;Illuminate\Pipeline\{closure}()
#45 D:\DO_AN_TOT_NGHIEP\doan_calamity_manager\vendor\laravel\framework\src\Illuminate\Pipeline\Pipeline.php(208): Illuminate\Http\Middleware\HandleCors-&gt;handle()
#46 D:\DO_AN_TOT_NGHIEP\doan_calamity_manager\vendor\laravel\framework\src\Illuminate\Http\Middleware\TrustProxies.php(58): Illuminate\Pipeline\Pipeline-&gt;Illuminate\Pipeline\{closure}()
#47 D:\DO_AN_TOT_NGHIEP\doan_calamity_manager\vendor\laravel\framework\src\Illuminate\Pipeline\Pipeline.php(208): Illuminate\Http\Middleware\TrustProxies-&gt;handle()
#48 D:\DO_AN_TOT_NGHIEP\doan_calamity_manager\vendor\laravel\framework\src\Illuminate\Foundation\Http\Middleware\InvokeDeferredCallbacks.php(22): Illuminate\Pipeline\Pipeline-&gt;Illuminate\Pipeline\{closure}()
#49 D:\DO_AN_TOT_NGHIEP\doan_calamity_manager\vendor\laravel\framework\src\Illuminate\Pipeline\Pipeline.php(208): Illuminate\Foundation\Http\Middleware\InvokeDeferredCallbacks-&gt;handle()
#50 D:\DO_AN_TOT_NGHIEP\doan_calamity_manager\vendor\laravel\framework\src\Illuminate\Http\Middleware\ValidatePathEncoding.php(26): Illuminate\Pipeline\Pipeline-&gt;Illuminate\Pipeline\{closure}()
#51 D:\DO_AN_TOT_NGHIEP\doan_calamity_manager\vendor\laravel\framework\src\Illuminate\Pipeline\Pipeline.php(208): Illuminate\Http\Middleware\ValidatePathEncoding-&gt;handle()
#52 D:\DO_AN_TOT_NGHIEP\doan_calamity_manager\vendor\laravel\framework\src\Illuminate\Pipeline\Pipeline.php(126): Illuminate\Pipeline\Pipeline-&gt;Illuminate\Pipeline\{closure}()
#53 D:\DO_AN_TOT_NGHIEP\doan_calamity_manager\vendor\laravel\framework\src\Illuminate\Foundation\Http\Kernel.php(175): Illuminate\Pipeline\Pipeline-&gt;then()
#54 D:\DO_AN_TOT_NGHIEP\doan_calamity_manager\vendor\laravel\framework\src\Illuminate\Foundation\Http\Kernel.php(144): Illuminate\Foundation\Http\Kernel-&gt;sendRequestThroughRouter()
#55 D:\DO_AN_TOT_NGHIEP\doan_calamity_manager\vendor\laravel\framework\src\Illuminate\Foundation\Testing\Concerns\MakesHttpRequests.php(607): Illuminate\Foundation\Http\Kernel-&gt;handle()
#56 D:\DO_AN_TOT_NGHIEP\doan_calamity_manager\vendor\laravel\framework\src\Illuminate\Foundation\Testing\Concerns\MakesHttpRequests.php(368): Illuminate\Foundation\Testing\TestCase-&gt;call()
#57 D:\DO_AN_TOT_NGHIEP\doan_calamity_manager\tests\Feature\CalamityManagementTest.php(28): Illuminate\Foundation\Testing\TestCase-&gt;get()
#58 D:\DO_AN_TOT_NGHIEP\doan_calamity_manager\vendor\phpunit\phpunit\src\Framework\TestCase.php(1656): Tests\Feature\CalamityManagementTest-&gt;test_guest_can_view_storm_calamity_list()
#59 D:\DO_AN_TOT_NGHIEP\doan_calamity_manager\vendor\phpunit\phpunit\src\Framework\TestCase.php(514): PHPUnit\Framework\TestCase-&gt;runTest()
#60 D:\DO_AN_TOT_NGHIEP\doan_calamity_manager\vendor\phpunit\phpunit\src\Framework\TestRunner\TestRunner.php(87): PHPUnit\Framework\TestCase-&gt;runBare()
#61 D:\DO_AN_TOT_NGHIEP\doan_calamity_manager\vendor\phpunit\phpunit\src\Framework\TestCase.php(361): PHPUnit\Framework\TestRunner-&gt;run()
#62 D:\DO_AN_TOT_NGHIEP\doan_calamity_manager\vendor\phpunit\phpunit\src\Framework\TestSuite.php(369): PHPUnit\Framework\TestCase-&gt;run()
#63 D:\DO_AN_TOT_NGHIEP\doan_calamity_manager\vendor\phpunit\phpunit\src\Framework\TestSuite.php(369): PHPUnit\Framework\TestSuite-&gt;run()
#64 D:\DO_AN_TOT_NGHIEP\doan_calamity_manager\vendor\phpunit\phpunit\src\Framework\TestSuite.php(369): PHPUnit\Framework\TestSuite-&gt;run()
#65 D:\DO_AN_TOT_NGHIEP\doan_calamity_manager\vendor\phpunit\phpunit\src\TextUI\TestRunner.php(64): PHPUnit\Framework\TestSuite-&gt;run()
#66 D:\DO_AN_TOT_NGHIEP\doan_calamity_manager\vendor\phpunit\phpunit\src\TextUI\Application.php(210): PHPUnit\TextUI\TestRunner-&gt;run()
#67 D:\DO_AN_TOT_NGHIEP\doan_calamity_manager\vendor\phpunit\phpunit\phpunit(104): PHPUnit\TextUI\Application-&gt;run()
#68 {main}

----------------------------------------------------------------------------------

SQLSTATE[HY000]: General error: 1 no such function: YEAR (Connection: sqlite, SQL: select distinct YEAR(time_start) as year from "calamities" where exists (select * from "risk_levels" where "calamities"."risk_level_id" = "risk_levels"."id" and exists (select * from "type_of_calamities" where "risk_levels"."type_of_calamity_id" = "type_of_calamities"."id" and "slug" = bao-ap-thap-nhiet-doi)) order by "year" desc)
&#13;
D:\DO_AN_TOT_NGHIEP\doan_calamity_manager\vendor\laravel\framework\src\Illuminate\Testing\TestResponseAssert.php:45
D:\DO_AN_TOT_NGHIEP\doan_calamity_manager\vendor\laravel\framework\src\Illuminate\Testing\TestResponse.php:174
D:\DO_AN_TOT_NGHIEP\doan_calamity_manager\tests\Feature\CalamityManagementTest.php:29</failure>
        </testcase>
        <testcase name="test_guest_can_view_river_bank_calamity_list" file="D:\DO_AN_TOT_NGHIEP\doan_calamity_manager\tests\Feature\CalamityManagementTest.php" line="32" class="Tests\Feature\CalamityManagementTest" classname="Tests.Feature.CalamityManagementTest" assertions="1" time="0.489605">
          <failure type="PHPUnit\Framework\ExpectationFailedException">Tests\Feature\CalamityManagementTest::test_guest_can_view_river_bank_calamity_list&#13;
Expected response status code [200] but received 500.
Failed asserting that 500 is identical to 200.&#13;
&#13;
The following exception occurred during the last request:

PDOException: SQLSTATE[HY000]: General error: 1 no such function: YEAR in D:\DO_AN_TOT_NGHIEP\doan_calamity_manager\vendor\laravel\framework\src\Illuminate\Database\Connection.php:404
Stack trace:
#0 D:\DO_AN_TOT_NGHIEP\doan_calamity_manager\vendor\laravel\framework\src\Illuminate\Database\Connection.php(404): PDO-&gt;prepare()
#1 D:\DO_AN_TOT_NGHIEP\doan_calamity_manager\vendor\laravel\framework\src\Illuminate\Database\Connection.php(809): Illuminate\Database\Connection-&gt;Illuminate\Database\{closure}()
#2 D:\DO_AN_TOT_NGHIEP\doan_calamity_manager\vendor\laravel\framework\src\Illuminate\Database\Connection.php(776): Illuminate\Database\Connection-&gt;runQueryCallback()
#3 D:\DO_AN_TOT_NGHIEP\doan_calamity_manager\vendor\laravel\framework\src\Illuminate\Database\Connection.php(395): Illuminate\Database\Connection-&gt;run()
#4 D:\DO_AN_TOT_NGHIEP\doan_calamity_manager\vendor\laravel\framework\src\Illuminate\Database\Query\Builder.php(3131): Illuminate\Database\Connection-&gt;select()
#5 D:\DO_AN_TOT_NGHIEP\doan_calamity_manager\vendor\laravel\framework\src\Illuminate\Database\Query\Builder.php(3389): Illuminate\Database\Query\Builder-&gt;runSelect()
#6 D:\DO_AN_TOT_NGHIEP\doan_calamity_manager\vendor\laravel\framework\src\Illuminate\Database\Query\Builder.php(3706): Illuminate\Database\Query\Builder-&gt;Illuminate\Database\Query\{closure}()
#7 D:\DO_AN_TOT_NGHIEP\doan_calamity_manager\vendor\laravel\framework\src\Illuminate\Database\Query\Builder.php(3385): Illuminate\Database\Query\Builder-&gt;onceWithColumns()
#8 D:\DO_AN_TOT_NGHIEP\doan_calamity_manager\vendor\laravel\framework\src\Illuminate\Database\Eloquent\Builder.php(1052): Illuminate\Database\Query\Builder-&gt;pluck()
#9 D:\DO_AN_TOT_NGHIEP\doan_calamity_manager\app\Http\Controllers\Calamities\RiverBankCalamityController.php(81): Illuminate\Database\Eloquent\Builder-&gt;pluck()
#10 D:\DO_AN_TOT_NGHIEP\doan_calamity_manager\vendor\laravel\framework\src\Illuminate\Routing\Controller.php(54): App\Http\Controllers\Calamities\RiverBankCalamityController-&gt;index()
#11 D:\DO_AN_TOT_NGHIEP\doan_calamity_manager\vendor\laravel\framework\src\Illuminate\Routing\ControllerDispatcher.php(43): Illuminate\Routing\Controller-&gt;callAction()
#12 D:\DO_AN_TOT_NGHIEP\doan_calamity_manager\vendor\laravel\framework\src\Illuminate\Routing\Route.php(265): Illuminate\Routing\ControllerDispatcher-&gt;dispatch()
#13 D:\DO_AN_TOT_NGHIEP\doan_calamity_manager\vendor\laravel\framework\src\Illuminate\Routing\Route.php(211): Illuminate\Routing\Route-&gt;runController()
#14 D:\DO_AN_TOT_NGHIEP\doan_calamity_manager\vendor\laravel\framework\src\Illuminate\Routing\Router.php(808): Illuminate\Routing\Route-&gt;run()
#15 D:\DO_AN_TOT_NGHIEP\doan_calamity_manager\vendor\laravel\framework\src\Illuminate\Pipeline\Pipeline.php(169): Illuminate\Routing\Router-&gt;Illuminate\Routing\{closure}()
#16 D:\DO_AN_TOT_NGHIEP\doan_calamity_manager\vendor\laravel\framework\src\Illuminate\Routing\Middleware\SubstituteBindings.php(50): Illuminate\Pipeline\Pipeline-&gt;Illuminate\Pipeline\{closure}()
#17 D:\DO_AN_TOT_NGHIEP\doan_calamity_manager\vendor\laravel\framework\src\Illuminate\Pipeline\Pipeline.php(208): Illuminate\Routing\Middleware\SubstituteBindings-&gt;handle()
#18 D:\DO_AN_TOT_NGHIEP\doan_calamity_manager\vendor\laravel\framework\src\Illuminate\Foundation\Http\Middleware\VerifyCsrfToken.php(87): Illuminate\Pipeline\Pipeline-&gt;Illuminate\Pipeline\{closure}()
#19 D:\DO_AN_TOT_NGHIEP\doan_calamity_manager\vendor\laravel\framework\src\Illuminate\Pipeline\Pipeline.php(208): Illuminate\Foundation\Http\Middleware\VerifyCsrfToken-&gt;handle()
#20 D:\DO_AN_TOT_NGHIEP\doan_calamity_manager\vendor\laravel\framework\src\Illuminate\View\Middleware\ShareErrorsFromSession.php(48): Illuminate\Pipeline\Pipeline-&gt;Illuminate\Pipeline\{closure}()
#21 D:\DO_AN_TOT_NGHIEP\doan_calamity_manager\vendor\laravel\framework\src\Illuminate\Pipeline\Pipeline.php(208): Illuminate\View\Middleware\ShareErrorsFromSession-&gt;handle()
#22 D:\DO_AN_TOT_NGHIEP\doan_calamity_manager\vendor\laravel\framework\src\Illuminate\Session\Middleware\StartSession.php(120): Illuminate\Pipeline\Pipeline-&gt;Illuminate\Pipeline\{closure}()
#23 D:\DO_AN_TOT_NGHIEP\doan_calamity_manager\vendor\laravel\framework\src\Illuminate\Session\Middleware\StartSession.php(63): Illuminate\Session\Middleware\StartSession-&gt;handleStatefulRequest()
#24 D:\DO_AN_TOT_NGHIEP\doan_calamity_manager\vendor\laravel\framework\src\Illuminate\Pipeline\Pipeline.php(208): Illuminate\Session\Middleware\StartSession-&gt;handle()
#25 D:\DO_AN_TOT_NGHIEP\doan_calamity_manager\vendor\laravel\framework\src\Illuminate\Cookie\Middleware\AddQueuedCookiesToResponse.php(36): Illuminate\Pipeline\Pipeline-&gt;Illuminate\Pipeline\{closure}()
#26 D:\DO_AN_TOT_NGHIEP\doan_calamity_manager\vendor\laravel\framework\src\Illuminate\Pipeline\Pipeline.php(208): Illuminate\Cookie\Middleware\AddQueuedCookiesToResponse-&gt;handle()
#27 D:\DO_AN_TOT_NGHIEP\doan_calamity_manager\vendor\laravel\framework\src\Illuminate\Cookie\Middleware\EncryptCookies.php(74): Illuminate\Pipeline\Pipeline-&gt;Illuminate\Pipeline\{closure}()
#28 D:\DO_AN_TOT_NGHIEP\doan_calamity_manager\vendor\laravel\framework\src\Illuminate\Pipeline\Pipeline.php(208): Illuminate\Cookie\Middleware\EncryptCookies-&gt;handle()
#29 D:\DO_AN_TOT_NGHIEP\doan_calamity_manager\vendor\laravel\framework\src\Illuminate\Pipeline\Pipeline.php(126): Illuminate\Pipeline\Pipeline-&gt;Illuminate\Pipeline\{closure}()
#30 D:\DO_AN_TOT_NGHIEP\doan_calamity_manager\vendor\laravel\framework\src\Illuminate\Routing\Router.php(807): Illuminate\Pipeline\Pipeline-&gt;then()
#31 D:\DO_AN_TOT_NGHIEP\doan_calamity_manager\vendor\laravel\framework\src\Illuminate\Routing\Router.php(786): Illuminate\Routing\Router-&gt;runRouteWithinStack()
#32 D:\DO_AN_TOT_NGHIEP\doan_calamity_manager\vendor\laravel\framework\src\Illuminate\Routing\Router.php(750): Illuminate\Routing\Router-&gt;runRoute()
#33 D:\DO_AN_TOT_NGHIEP\doan_calamity_manager\vendor\laravel\framework\src\Illuminate\Routing\Router.php(739): Illuminate\Routing\Router-&gt;dispatchToRoute()
#34 D:\DO_AN_TOT_NGHIEP\doan_calamity_manager\vendor\laravel\framework\src\Illuminate\Foundation\Http\Kernel.php(200): Illuminate\Routing\Router-&gt;dispatch()
#35 D:\DO_AN_TOT_NGHIEP\doan_calamity_manager\vendor\laravel\framework\src\Illuminate\Pipeline\Pipeline.php(169): Illuminate\Foundation\Http\Kernel-&gt;Illuminate\Foundation\Http\{closure}()
#36 D:\DO_AN_TOT_NGHIEP\doan_calamity_manager\vendor\laravel\framework\src\Illuminate\Foundation\Http\Middleware\TransformsRequest.php(21): Illuminate\Pipeline\Pipeline-&gt;Illuminate\Pipeline\{closure}()
#37 D:\DO_AN_TOT_NGHIEP\doan_calamity_manager\vendor\laravel\framework\src\Illuminate\Foundation\Http\Middleware\ConvertEmptyStringsToNull.php(31): Illuminate\Foundation\Http\Middleware\TransformsRequest-&gt;handle()
#38 D:\DO_AN_TOT_NGHIEP\doan_calamity_manager\vendor\laravel\framework\src\Illuminate\Pipeline\Pipeline.php(208): Illuminate\Foundation\Http\Middleware\ConvertEmptyStringsToNull-&gt;handle()
#39 D:\DO_AN_TOT_NGHIEP\doan_calamity_manager\vendor\laravel\framework\src\Illuminate\Foundation\Http\Middleware\TransformsRequest.php(21): Illuminate\Pipeline\Pipeline-&gt;Illuminate\Pipeline\{closure}()
#40 D:\DO_AN_TOT_NGHIEP\doan_calamity_manager\vendor\laravel\framework\src\Illuminate\Foundation\Http\Middleware\TrimStrings.php(51): Illuminate\Foundation\Http\Middleware\TransformsRequest-&gt;handle()
#41 D:\DO_AN_TOT_NGHIEP\doan_calamity_manager\vendor\laravel\framework\src\Illuminate\Pipeline\Pipeline.php(208): Illuminate\Foundation\Http\Middleware\TrimStrings-&gt;handle()
#42 D:\DO_AN_TOT_NGHIEP\doan_calamity_manager\vendor\laravel\framework\src\Illuminate\Http\Middleware\ValidatePostSize.php(27): Illuminate\Pipeline\Pipeline-&gt;Illuminate\Pipeline\{closure}()
#43 D:\DO_AN_TOT_NGHIEP\doan_calamity_manager\vendor\laravel\framework\src\Illuminate\Pipeline\Pipeline.php(208): Illuminate\Http\Middleware\ValidatePostSize-&gt;handle()
#44 D:\DO_AN_TOT_NGHIEP\doan_calamity_manager\vendor\laravel\framework\src\Illuminate\Foundation\Http\Middleware\PreventRequestsDuringMaintenance.php(109): Illuminate\Pipeline\Pipeline-&gt;Illuminate\Pipeline\{closure}()
#45 D:\DO_AN_TOT_NGHIEP\doan_calamity_manager\vendor\laravel\framework\src\Illuminate\Pipeline\Pipeline.php(208): Illuminate\Foundation\Http\Middleware\PreventRequestsDuringMaintenance-&gt;handle()
#46 D:\DO_AN_TOT_NGHIEP\doan_calamity_manager\vendor\laravel\framework\src\Illuminate\Http\Middleware\HandleCors.php(48): Illuminate\Pipeline\Pipeline-&gt;Illuminate\Pipeline\{closure}()
#47 D:\DO_AN_TOT_NGHIEP\doan_calamity_manager\vendor\laravel\framework\src\Illuminate\Pipeline\Pipeline.php(208): Illuminate\Http\Middleware\HandleCors-&gt;handle()
#48 D:\DO_AN_TOT_NGHIEP\doan_calamity_manager\vendor\laravel\framework\src\Illuminate\Http\Middleware\TrustProxies.php(58): Illuminate\Pipeline\Pipeline-&gt;Illuminate\Pipeline\{closure}()
#49 D:\DO_AN_TOT_NGHIEP\doan_calamity_manager\vendor\laravel\framework\src\Illuminate\Pipeline\Pipeline.php(208): Illuminate\Http\Middleware\TrustProxies-&gt;handle()
#50 D:\DO_AN_TOT_NGHIEP\doan_calamity_manager\vendor\laravel\framework\src\Illuminate\Foundation\Http\Middleware\InvokeDeferredCallbacks.php(22): Illuminate\Pipeline\Pipeline-&gt;Illuminate\Pipeline\{closure}()
#51 D:\DO_AN_TOT_NGHIEP\doan_calamity_manager\vendor\laravel\framework\src\Illuminate\Pipeline\Pipeline.php(208): Illuminate\Foundation\Http\Middleware\InvokeDeferredCallbacks-&gt;handle()
#52 D:\DO_AN_TOT_NGHIEP\doan_calamity_manager\vendor\laravel\framework\src\Illuminate\Http\Middleware\ValidatePathEncoding.php(26): Illuminate\Pipeline\Pipeline-&gt;Illuminate\Pipeline\{closure}()
#53 D:\DO_AN_TOT_NGHIEP\doan_calamity_manager\vendor\laravel\framework\src\Illuminate\Pipeline\Pipeline.php(208): Illuminate\Http\Middleware\ValidatePathEncoding-&gt;handle()
#54 D:\DO_AN_TOT_NGHIEP\doan_calamity_manager\vendor\laravel\framework\src\Illuminate\Pipeline\Pipeline.php(126): Illuminate\Pipeline\Pipeline-&gt;Illuminate\Pipeline\{closure}()
#55 D:\DO_AN_TOT_NGHIEP\doan_calamity_manager\vendor\laravel\framework\src\Illuminate\Foundation\Http\Kernel.php(175): Illuminate\Pipeline\Pipeline-&gt;then()
#56 D:\DO_AN_TOT_NGHIEP\doan_calamity_manager\vendor\laravel\framework\src\Illuminate\Foundation\Http\Kernel.php(144): Illuminate\Foundation\Http\Kernel-&gt;sendRequestThroughRouter()
#57 D:\DO_AN_TOT_NGHIEP\doan_calamity_manager\vendor\laravel\framework\src\Illuminate\Foundation\Testing\Concerns\MakesHttpRequests.php(607): Illuminate\Foundation\Http\Kernel-&gt;handle()
#58 D:\DO_AN_TOT_NGHIEP\doan_calamity_manager\vendor\laravel\framework\src\Illuminate\Foundation\Testing\Concerns\MakesHttpRequests.php(368): Illuminate\Foundation\Testing\TestCase-&gt;call()
#59 D:\DO_AN_TOT_NGHIEP\doan_calamity_manager\tests\Feature\CalamityManagementTest.php(34): Illuminate\Foundation\Testing\TestCase-&gt;get()
#60 D:\DO_AN_TOT_NGHIEP\doan_calamity_manager\vendor\phpunit\phpunit\src\Framework\TestCase.php(1656): Tests\Feature\CalamityManagementTest-&gt;test_guest_can_view_river_bank_calamity_list()
#61 D:\DO_AN_TOT_NGHIEP\doan_calamity_manager\vendor\phpunit\phpunit\src\Framework\TestCase.php(514): PHPUnit\Framework\TestCase-&gt;runTest()
#62 D:\DO_AN_TOT_NGHIEP\doan_calamity_manager\vendor\phpunit\phpunit\src\Framework\TestRunner\TestRunner.php(87): PHPUnit\Framework\TestCase-&gt;runBare()
#63 D:\DO_AN_TOT_NGHIEP\doan_calamity_manager\vendor\phpunit\phpunit\src\Framework\TestCase.php(361): PHPUnit\Framework\TestRunner-&gt;run()
#64 D:\DO_AN_TOT_NGHIEP\doan_calamity_manager\vendor\phpunit\phpunit\src\Framework\TestSuite.php(369): PHPUnit\Framework\TestCase-&gt;run()
#65 D:\DO_AN_TOT_NGHIEP\doan_calamity_manager\vendor\phpunit\phpunit\src\Framework\TestSuite.php(369): PHPUnit\Framework\TestSuite-&gt;run()
#66 D:\DO_AN_TOT_NGHIEP\doan_calamity_manager\vendor\phpunit\phpunit\src\Framework\TestSuite.php(369): PHPUnit\Framework\TestSuite-&gt;run()
#67 D:\DO_AN_TOT_NGHIEP\doan_calamity_manager\vendor\phpunit\phpunit\src\TextUI\TestRunner.php(64): PHPUnit\Framework\TestSuite-&gt;run()
#68 D:\DO_AN_TOT_NGHIEP\doan_calamity_manager\vendor\phpunit\phpunit\src\TextUI\Application.php(210): PHPUnit\TextUI\TestRunner-&gt;run()
#69 D:\DO_AN_TOT_NGHIEP\doan_calamity_manager\vendor\phpunit\phpunit\phpunit(104): PHPUnit\TextUI\Application-&gt;run()
#70 {main}

Next Illuminate\Database\QueryException: SQLSTATE[HY000]: General error: 1 no such function: YEAR (Connection: sqlite, SQL: select distinct YEAR(time) as year from "calamities" where exists (select * from "risk_levels" where "calamities"."risk_level_id" = "risk_levels"."id" and exists (select * from "type_of_calamities" where "risk_levels"."type_of_calamity_id" = "type_of_calamities"."id" and "slug" = sat-lo-bo-song-bo-bien)) order by "year" desc) in D:\DO_AN_TOT_NGHIEP\doan_calamity_manager\vendor\laravel\framework\src\Illuminate\Database\Connection.php:822
Stack trace:
#0 D:\DO_AN_TOT_NGHIEP\doan_calamity_manager\vendor\laravel\framework\src\Illuminate\Database\Connection.php(776): Illuminate\Database\Connection-&gt;runQueryCallback()
[...]
                            &lt;/button&gt;\n
\n
                            &lt;div class="hidden absolute right-0 mt-2 w-48 z-1 text-base bg-white divide-y divide-gray-100 rounded-lg shadow-lg" id="user-dropdown"&gt;\n
                                &lt;div class="px-4 py-3"&gt;\n
                                    &lt;span class="block text-sm text-gray-900"&gt;Tên: Jamey Tremblay DVM&lt;/span&gt;\n
                                    &lt;span class="block text-sm text-gray-500 truncate"&gt;Tên đăng nhập: zjerde&lt;/span&gt;\n
                                &lt;/div&gt;\n
                                &lt;ul class="py-2" aria-labelledby="user-menu-button"&gt;\n
                                    &lt;li&gt;\n
                                        &lt;a href="http://localhost/edit-profile" class="block px-4 py-2 text-sm text-gray-700 hover:bg-gray-100"&gt;Hồ sơ&lt;/a&gt;\n
                                    &lt;/li&gt;\n
                                   \n
                                    &lt;li&gt;\n
                                        &lt;a href="http://localhost/logout" class="block px-4 py-2 text-sm text-gray-700 hover:bg-gray-100"&gt;Đăng xuất&lt;/a&gt;\n
                                    &lt;/li&gt;\n
                                &lt;/ul&gt;\n
                            &lt;/div&gt;\n
                        \n
                                            &lt;/div&gt;\n
                &lt;/div&gt;\n
                \n
                    &lt;div class="intro-y mt-5  flex items-center justify-between"&gt;\n
        &lt;div class="flex items-center text-lg font-medium uppercase"&gt;\n
            &lt;svg class="lucide w-5 h-5 mr-2" xmlns="http://www.w3.org/2000/svg" fill="none" stroke="currentColor" stroke-width="2" stroke-linecap="round" stroke-linejoin="round" viewBox="0 0 24 24"&gt;&lt;path d="M16 21v-2a4 4 0 0 0-8 0v2"/&gt;&lt;circle cx="12" cy="7" r="4"/&gt;&lt;/svg&gt;\n
            Danh Sách CÁN BỘ\n
        &lt;/div&gt;\n
        &lt;a class="flex items-center text-primary" href="http://localhost/list-user"&gt;\n
            &lt;svg class="lucide w-5 h-5 mr-2" xmlns="http://www.w3.org/2000/svg" fill="none" stroke="currentColor" stroke-width="2" stroke-linecap="round" stroke-linejoin="round" viewBox="0 0 24 24"&gt;&lt;path d="M21 12a9 9 0 0 0-9-9 9.75 9.75 0 0 0-6.74 2.74L3 8"/&gt;&lt;path d="M3 3v5h5"/&gt;&lt;path d="M3 12a9 9 0 0 0 9 9 9.75 9.75 0 0 0 6.74-2.74L21 16"/&gt;&lt;path d="M16 16h5v5"/&gt;&lt;/svg&gt; Tải lại dữ liệu\n
        &lt;/a&gt;\n
    &lt;/div&gt;\n
        &lt;div class="mt-5 grid grid-cols-12 gap-6"&gt;\n
        &lt;div class="intro-y col-span-12 flex flex-wrap items-start gap-3"&gt;\n
            \n
            &lt;form action="http://localhost/list-user" method="GET" class="flex flex-wrap items-center gap-3 grow"&gt;\n
                \n
                &lt;div class="relative"&gt;\n
                    &lt;div class="absolute inset-y-0 start-0 flex items-center ps-3 pointer-events-none"&gt;\n
                        &lt;svg class="lucide w-5 h-5 mr-2" xmlns="http://www.w3.org/2000/svg" fill="none" stroke="currentColor" stroke-width="2" stroke-linecap="round" stroke-linejoin="round" viewBox="0 0 24 24"&gt;&lt;circle cx="11" cy="11" r="8"/&gt;&lt;path d="M21 21l-4.35-4.35"/&gt;&lt;/svg&gt;\n
                    &lt;/div&gt;\n
                    &lt;input type="text" name="name" placeholder="Tên người dùng..." value="Test"\n
                            class="block w-full p-4 ps-10 text-sm text-gray-900 border border-gray-300 rounded-lg bg-gray-50 focus:ring-blue-500 focus:border-blue-500" /&gt;\n
                &lt;/div&gt;\n
\n
                &lt;button type="submit"\n
                    class="h-10 bg-blue-600 hover:bg-blue-700 text-white font-medium px-4 py-2 rounded-lg shadow-md transition-all"&gt;\n
                    Tìm kiếm\n
                &lt;/button&gt;\n
            &lt;/form&gt;\n
            &lt;a href="http://localhost/create-user"&gt;\n
                &lt;button type="button" class="text-white bg-blue-700 hover:bg-blue-800 focus:ring-4 focus:outline-none focus:ring-blue-300 font-medium rounded-lg text-sm px-5 py-2.5 text-center inline-flex items-center me-2"&gt;\n
                    &lt;svg class="lucide w-5 h-5 mr-2" xmlns="http://www.w3.org/2000/svg" fill="none" stroke="currentColor" stroke-width="2" stroke-linecap="round" stroke-linejoin="round" viewBox="0 0 24 24"&gt;&lt;circle cx="12" cy="12" r="10"/&gt;&lt;path d="M12 8v8"/&gt;&lt;path d="M8 12h8"/&gt;&lt;/svg&gt; Thêm mới người dùng\n
                &lt;/button&gt;\n
            &lt;/a&gt;\n
            &lt;form action="http://localhost/import-users" method="POST" enctype="multipart/form-data" formInline&gt;\n
                &lt;input type="hidden" name="_token" value="NhYqMwuVGFHtMVn22hbxTz9LtoYOlRELbmwatLr0" autocomplete="off"&gt;\n
               &lt;div class="flex items-center gap-2"&gt;\n
                    &lt;input type="file" id="fileImport" name="fileImport" accept=".xls,.xlsx"\n
                        class="block w-[200px] text-sm text-gray-900\n
                        file:mr-2 file:py-1 file:px-3\n
                        file:rounded file:border-0\n
                        file:text-sm file:font-medium\n
                        file:bg-blue-100 file:text-blue-700 file:w-[60px]\n
                        hover:file:bg-blue-200 border border-gray-300 rounded-md"&gt;\n
\n
                &lt;button type="submit"\n
                    class="text-white bg-blue-700 hover:bg-blue-800 focus:ring-4 focus:ring-blue-300 font-medium rounded-lg text-sm px-5 py-2.5 focus:outline-none"&gt;\n
                    Thêm nhiều người dùng\n
                &lt;/button&gt;\n
            &lt;/div&gt;\n
            &lt;/form&gt; \n
\n
        &lt;/div&gt;\n
        \n
        &lt;div\n
            class="intro-y col-span-3 overflow-auto lg:overflow-visible text-base text-gray-800  bg-gray-300 rounded-md px-4 py-2 shadow-sm text-center"&gt;\n
            Tổng số người dùng: &lt;span class="font-semibold"&gt;0&lt;/span&gt;\n
        &lt;/div&gt;\n
\n
        &lt;div class="intro-y col-span-12 overflow-auto lg:overflow-x-auto"&gt;\n
            &lt;form action="http://localhost/delete-multiple-user" method="POST"&gt;\n
            &lt;input type="hidden" name="_token" value="NhYqMwuVGFHtMVn22hbxTz9LtoYOlRELbmwatLr0" autocomplete="off"&gt;            &lt;input type="hidden" name="_method" value="DELETE"&gt;             \n
            &lt;button type="button" onclick="openDeleteMultipleModal()" class="bg-red-700 z-1 sticky left-0" id="delete-multiple-btn" disabled&gt;\n
                &lt;svg class="lucide w-5 h-5 mr-2" xmlns="http://www.w3.org/2000/svg" fill="none" stroke="currentColor" stroke-width="2" stroke-linecap="round" stroke-linejoin="round" viewBox="0 0 24 24"&gt;&lt;polyline points="3 6 5 6 21 6"/&gt;&lt;path d="M19 6v14a2 2 0 0 1-2 2H7a2 2 0 0 1-2-2V6"/&gt;&lt;path d="M10 11v6"/&gt;&lt;path d="M14 11v6"/&gt;&lt;path d="M16.5 6l-1.5-4h-4l-1.5 4"/&gt;&lt;/svg&gt; Xoá (&lt;span id="selected-count"&gt;0&lt;/span&gt;)\n
            &lt;/button&gt;\n
         \n
            &lt;table class="mt-2 border-separate border-spacing-y-[10px]"&gt;\n
                &lt;thead class="text-gray-700 uppercase bg-blue-100"&gt;\n
                    &lt;tr&gt;\n
                        &lt;th class="sticky left-0 z-1 bg-blue-100 w-[40px] min-w-[40px] max-w-[40px] px-1 text-center"&gt;&lt;input type="checkbox" id="selectAll" class="block mx-auto"&gt;&lt;/th&gt;\n
                        &lt;th class="sticky left-[10px] z-1 bg-blue-100 whitespace-nowrap px-4 py-4 "&gt;Tên người dùng&lt;/th&gt;\n
                        &lt;th scope="col"class="px-6 py-4 whitespace-nowrap min-w-[160px]"&gt;Tên đăng nhập&lt;/th&gt;\n
                        &lt;th scope="col"class="px-6 py-4 whitespace-nowrap min-w-[160px]"&gt;Email&lt;/th&gt;\n
                        &lt;th scope="col"class="px-6 py-4 whitespace-nowrap min-w-[160px]"&gt;Hành động&lt;/th&gt;\n
                    &lt;/tr&gt;\n
                &lt;/thead&gt;\n
                &lt;tbody&gt;\n
                                        &lt;tr&gt;\n
                        &lt;td colspan="11" class="text-center py-6"&gt;\n
                            &lt;div class="flex flex-col items-center justify-center text-slate-500"&gt;\n
                                &lt;svg class="lucide w-5 h-5 mr-2" xmlns="http://www.w3.org/2000/svg" fill="none" stroke="currentColor" stroke-width="2" stroke-linecap="round" stroke-linejoin="round" viewBox="0 0 24 24"&gt;&lt;circle cx="12" cy="12" r="10"/&gt;&lt;path d="M16 16a4 4 0 0 0-8 0"/&gt;&lt;path d="M9 9h.01"/&gt;&lt;path d="M15 9h.01"/&gt;&lt;/svg&gt;\n
                                &lt;div class="mt-2 text-lg"&gt;Hiện tại không có dữ liệu&lt;/div&gt;\n
                            &lt;/div&gt;\n
                        &lt;/td&gt;\n
                    &lt;/tr&gt;\n
                                &lt;/tbody&gt;\n
            &lt;/table&gt;\n
\n
            &lt;/form&gt;\n
        &lt;/div&gt;\n
\n
    &lt;/div&gt;\n
\n
    &lt;div class="intro-y col-span-12 overflow-auto lg:overflow-visible"&gt;\n
        \n
    &lt;/div&gt;\n
    &lt;/div&gt;\n
    &lt;div class="fixed inset-0 z-50 hidden" id="delete-confirmation-modal" aria-modal="true"&gt;\r\n
    &lt;div class="fixed inset-0 bg-black/50"&gt;&lt;/div&gt;\r\n
    &lt;div class="flex min-h-screen items-center justify-center"&gt;\r\n
        &lt;div class="bg-white rounded-lg shadow-xl w-full max-w-md z-50 p-6"&gt;\r\n
            &lt;div class="flex items-start space-x-3"&gt;\r\n
                &lt;div class="text-red-500"&gt;\r\n
                    &lt;svg class="lucide w-5 h-5 mr-2" xmlns="http://www.w3.org/2000/svg" fill="none" stroke="currentColor" stroke-width="2" stroke-linecap="round" stroke-linejoin="round" viewBox="0 0 24 24"&gt;&lt;circle cx="12" cy="12" r="10"/&gt;&lt;path d="M12 8v4"/&gt;&lt;path d="M12 16h.01"/&gt;&lt;/svg&gt;\r\n
                &lt;/div&gt;\r\n
                &lt;div&gt;\r\n
                    &lt;h3 class="text-lg font-semibold text-gray-900"&gt;Xác nhận xoá&lt;/h3&gt;\r\n
                    &lt;p class="mt-1 text-sm text-gray-600"&gt;Xác nhận xóa dữ liệu này?&lt;/p&gt;\r\n
                &lt;/div&gt;\r\n
            &lt;/div&gt;\r\n
\r\n
            &lt;div class="mt-6 flex justify-end space-x-2"&gt;\r\n
                &lt;button type="button" onclick="closeDeleteModal()" class="bg-white px-4 py-2 rounded border text-gray-700 hover:bg-gray-100"&gt;\r\n
                    Hủy\r\n
                &lt;/button&gt;\r\n
                &lt;a href="#" id="confirm-delete"\r\n
                    class="px-4 py-2 rounded bg-red-600 text-white hover:bg-red-700"&gt;\r\n
                    Xoá\r\n
                &lt;/a&gt;\r\n
            &lt;/div&gt;\r\n
        &lt;/div&gt;\r\n
    &lt;/div&gt;\r\n
&lt;/div&gt;    &lt;div class="fixed inset-0 z-50 hidden" id="delete-multiple-confirmation-modal" aria-modal="true"&gt;\r\n
    &lt;div class="fixed inset-0 bg-black/50"&gt;&lt;/div&gt;\r\n
    &lt;div class="flex min-h-screen items-center justify-center"&gt;\r\n
        &lt;div class="bg-white rounded-lg shadow-xl w-full max-w-md z-50 p-6"&gt;\r\n
            &lt;div class="flex items-start space-x-3"&gt;\r\n
                &lt;div class="text-red-500"&gt;\r\n
                    &lt;svg class="lucide w-5 h-5 mr-2" xmlns="http://www.w3.org/2000/svg" fill="none" stroke="currentColor" stroke-width="2" stroke-linecap="round" stroke-linejoin="round" viewBox="0 0 24 24"&gt;&lt;circle cx="12" cy="12" r="10"/&gt;&lt;path d="M12 8v4"/&gt;&lt;path d="M12 16h.01"/&gt;&lt;/svg&gt;\r\n
                &lt;/div&gt;\r\n
                &lt;div&gt;\r\n
                    &lt;h3 class="text-lg font-semibold text-gray-900"&gt;Xác nhận xoá nhiều &lt;/h3&gt;\r\n
                    &lt;p class="mt-1 text-sm text-gray-600"&gt;Xác nhận xóa dữ liệu này?&lt;/p&gt;\r\n
                &lt;/div&gt;\r\n
            &lt;/div&gt;\r\n
\r\n
            &lt;div class="mt-6 flex justify-end space-x-2"&gt;\r\n
                &lt;button type="button" onclick="closeDeleteMultipleModal()"\r\n
                        class="bg-white px-4 py-2 rounded border text-gray-700 hover:bg-gray-100"&gt;\r\n
                    Hủy\r\n
                &lt;/button&gt;\r\n
                &lt;a href="#" id="confirm-delete-multiple"\r\n
                    class="px-4 py-2 rounded bg-red-600 text-white hover:bg-red-700"&gt;\r\n
                    Xoá\r\n
                &lt;/a&gt;\r\n
            &lt;/div&gt;\r\n
        &lt;/div&gt;\r\n
    &lt;/div&gt;\r\n
&lt;/div&gt;\r\n
\r\n
    &lt;script type="module" src="http://[::1]:5173/@vite/client"&gt;&lt;/script&gt;&lt;script type="module" src="http://[::1]:5173/resources/js/confirm-delete.js"&gt;&lt;/script&gt;   \n
\n
\n
            &lt;/div&gt;\n
        &lt;/div&gt;\n
    &lt;/div&gt;\n
\n
&lt;/body&gt;\n
\n
&lt;/html&gt;\n
\n
&lt;script&gt;\n
    function openNotification() {\n
        console.log('openNotification');\n
        const dropdown = document.getElementById('notification-dropdown');\n
        if (dropdown) {\n
            dropdown.classList.toggle('hidden');\n
            \n
            // Nếu dropdown đang hiển thị, đánh dấu tất cả thông báo đã đọc\n
            if (!dropdown.classList.contains('hidden')) {\n
                markNotificationsAsRead();\n
            }\n
        }\n
    }\n
\n
    function markNotificationsAsRead() {\n
        // Gửi request để đánh dấu thông báo đã đọc\n
        fetch('/mark-notifications-as-read', {\n
            method: 'POST',\n
            headers: {\n
                'X-CSRF-TOKEN': document.querySelector('meta[name="csrf-token"]').getAttribute('content'),\n
                'Content-Type': 'application/json',\n
            },\n
        })\n
        .then(response =&gt; response.json())\n
        .then(data =&gt; {\n
            if (data.success) {\n
                // Ẩn badge số lượng thông báo\n
                const badge = document.getElementById('notification-badge');\n
                if (badge) {\n
                    badge.style.display = 'none';\n
                }\n
            }\n
        })\n
        .catch(error =&gt; {\n
            console.error('Error marking notifications as read:', error);\n
        });\n
    }\n
\n
    function markNotificationAsRead(notificationId, element) {\n
        // Gửi request để đánh dấu một thông báo cụ thể đã đọc\n
        fetch('/mark-notification-as-read', {\n
            method: 'POST',\n
            headers: {\n
                'X-CSRF-TOKEN': document.querySelector('meta[name="csrf-token"]').getAttribute('content'),\n
                'Content-Type': 'application/json',\n
            },\n
            body: JSON.stringify({\n
                notification_id: notificationId\n
            })\n
        })\n
        .then(response =&gt; response.json())\n
        .then(data =&gt; {\n
            if (data.success) {\n
                // Cập nhật giao diện\n
                element.classList.remove('bg-blue-50', 'border-l-4', 'border-blue-500');\n
                element.classList.add('bg-white');\n
                \n
                // Cập nhật màu text\n
                const titleElement = element.querySelector('.font-semibold');\n
                const messageElement = element.querySelector('.text-blue-700');\n
                if (titleElement) titleElement.classList.remove('text-blue-900');\n
                if (messageElement) messageElement.classList.remove('text-blue-700');\n
                \n
                // Ẩn dot xanh\n
                const dotElement = element.querySelector('.bg-blue-500');\n
                if (dotElement) dotElement.style.display = 'none';\n
                \n
                // Cập nhật badge số lượng\n
                updateNotificationBadge();\n
            }\n
        })\n
        .catch(error =&gt; {\n
            console.error('Error marking notification as read:', error);\n
        });\n
    }\n
\n
    function updateNotificationBadge() {\n
        // Đếm số thông báo chưa đọc còn lại\n
        const unreadItems = document.querySelectorAll('.bg-blue-50');\n
        const badge = document.getElementById('notification-badge');\n
        \n
        if (badge) {\n
            if (unreadItems.length === 0) {\n
                badge.style.display = 'none';\n
            } else {\n
                badge.textContent = unreadItems.length;\n
                badge.style.display = 'inline-block';\n
            }\n
        }\n
    }\n
\n
    document.addEventListener("DOMContentLoaded", function () {\n
        const toggles = document.querySelectorAll('.toggle-submenu');\n
\n
        toggles.forEach(toggle =&gt; {\n
            toggle.addEventListener('click', function (e) {\n
                e.preventDefault();\n
                const submenu = this.nextElementSibling;\n
\n
                document.querySelectorAll('.submenu').forEach(sm =&gt; {\n
                    if (sm !== submenu) sm.classList.add('hidden');\n
                });\n
\n
                if (submenu &amp;&amp; submenu.classList.contains('submenu')) {\n
                    submenu.classList.toggle('hidden');\n
                }\n
            });\n
        });\n
        \n
        const btn = document.getElementById('user-menu-button');\n
        const dropdown = document.getElementById('user-dropdown');\n
\n
        if (btn &amp;&amp; dropdown) {\n
            btn.addEventListener('click', function (e) {\n
                e.stopPropagation();\n
                dropdown.classList.toggle('hidden');\n
            });\n
\n
            document.addEventListener('click', function (e) {\n
                if (!dropdown.classList.contains('hidden') &amp;&amp;\n
                    !dropdown.contains(e.target) &amp;&amp;\n
                    !btn.contains(e.target)) {\n
                    dropdown.classList.add('hidden');\n
                }\n
            });\n
        }\n
\n
        // Thêm event listener để đóng dropdown thông báo khi click ra ngoài\n
        document.addEventListener('click', function (e) {\n
            const notificationDropdown = document.getElementById('notification-dropdown');\n
            const notificationButton = document.querySelector('[onclick="openNotification()"]');\n
            \n
            if (notificationDropdown &amp;&amp; !notificationDropdown.classList.contains('hidden') &amp;&amp;\n
                !notificationDropdown.contains(e.target) &amp;&amp;\n
                !notificationButton.contains(e.target)) {\n
                notificationDropdown.classList.add('hidden');\n
            }\n
        });\n
    });\n
&lt;/script&gt;\n
' [UTF-8](length: 102504) contains "Test User" [ASCII](length: 9).
&#13;
D:\DO_AN_TOT_NGHIEP\doan_calamity_manager\vendor\laravel\framework\src\Illuminate\Testing\TestResponseAssert.php:45
D:\DO_AN_TOT_NGHIEP\doan_calamity_manager\vendor\laravel\framework\src\Illuminate\Testing\TestResponse.php:686
D:\DO_AN_TOT_NGHIEP\doan_calamity_manager\tests\Feature\UserManagementTest.php:168</failure>
        </testcase>
        <testcase name="test_guest_cannot_access_user_management" file="D:\DO_AN_TOT_NGHIEP\doan_calamity_manager\tests\Feature\UserManagementTest.php" line="172" class="Tests\Feature\UserManagementTest" classname="Tests.Feature.UserManagementTest" assertions="2" time="0.025719"/>
        <testcase name="test_guest_cannot_access_create_user_form" file="D:\DO_AN_TOT_NGHIEP\doan_calamity_manager\tests\Feature\UserManagementTest.php" line="178" class="Tests\Feature\UserManagementTest" classname="Tests.Feature.UserManagementTest" assertions="2" time="0.026374"/>
      </testsuite>
    </testsuite>
  </testsuite>
</testsuites>
